<?xml version="1.0" encoding="UTF-8"?>
<!-- Generated by org.testng.reporters.JUnitReportReporter -->
<testsuite skipped="0" hostname="TYSS-Abhishek" name="com.spotify.user.GetUsersTopItem" tests="1" failures="0" timestamp="2023-01-08T19:45:53 IST" time="3.182" errors="0">
  <testcase name="getUsersTopItem" time="3.182" classname="com.spotify.user.GetUsersTopItem"/>
  <system-out/>
</testsuite> <!-- com.spotify.user.GetUsersTopItem -->
