<?xml version="1.0" encoding="UTF-8"?>
<!-- Generated by org.testng.reporters.JUnitReportReporter -->
<testsuite skipped="0" hostname="TYSS-Abhishek" name="com.trello.cards.GetFieldsOnACard" tests="1" failures="0" timestamp="2023-01-02T12:45:08 IST" time="2.282" errors="0">
  <testcase name="card" time="2.282" classname="com.trello.cards.GetFieldsOnACard"/>
  <system-out/>
</testsuite> <!-- com.trello.cards.GetFieldsOnACard -->
