<?xml version="1.0" encoding="UTF-8"?>
<!-- Generated by org.testng.reporters.JUnitReportReporter -->
<testsuite hostname="TYSS-Abhishek" failures="0" tests="1" name="com.spotify.tracks.Tracks_GST_005" time="5.852" errors="0" timestamp="2023-01-13T15:45:51 IST" skipped="0">
  <testcase classname="com.spotify.tracks.Tracks_GST_005" name="TC_Tracks_GST_005" time="5.852"/>
  <system-out/>
</testsuite> <!-- com.spotify.tracks.Tracks_GST_005 -->
