<?xml version="1.0" encoding="UTF-8"?>
<!-- Generated by org.testng.reporters.JUnitReportReporter -->
<testsuite skipped="0" hostname="TYSS-Abhishek" name="com.trello.boards.testscripts.CreatAListOnBoard" tests="1" failures="0" timestamp="2023-01-02T10:27:07 IST" time="6.761" errors="0">
  <testcase name="card" time="6.761" classname="com.trello.boards.testscripts.CreatAListOnBoard"/>
  <system-out/>
</testsuite> <!-- com.trello.boards.testscripts.CreatAListOnBoard -->
