<?xml version="1.0" encoding="UTF-8"?>
<!-- Generated by org.testng.reporters.JUnitReportReporter -->
<testsuite hostname="LAPTOP-RAB3K5J6" failures="0" tests="1" name="com.spotify.markets.TYSS_Markets_GAM_002" time="3.401" errors="0" timestamp="2023-01-17T10:27:36 IST" skipped="0">
  <testcase classname="com.spotify.markets.TYSS_Markets_GAM_002" name="TC_TYSS_Markets_GAM_002" time="3.401"/>
  <system-out/>
</testsuite> <!-- com.spotify.markets.TYSS_Markets_GAM_002 -->
