<?xml version="1.0" encoding="UTF-8"?>
<!-- Generated by org.testng.reporters.JUnitReportReporter -->
<testsuite hostname="LAPTOP-7VBCUA20" failures="0" tests="1" name="com.spotify.playlist.TYSS_TC_Playlists_GFP_003" time="3.530" errors="0" timestamp="2023-01-17T12:04:24 IST" skipped="0">
  <testcase classname="com.spotify.playlist.TYSS_TC_Playlists_GFP_003" name="TC_Playlists_GFP_003" time="3.530"/>
  <system-out/>
</testsuite> <!-- com.spotify.playlist.TYSS_TC_Playlists_GFP_003 -->
