<?xml version="1.0" encoding="UTF-8"?>
<!-- Generated by org.testng.reporters.JUnitReportReporter -->
<testsuite hostname="TYSS-Abhishek" failures="0" tests="1" name="com.spotify.albums.Albums_GAS_007" time="3.166" errors="0" timestamp="2023-01-12T20:46:14 IST" skipped="0">
  <testcase classname="com.spotify.albums.Albums_GAS_007" name="TC_Albums_GAS_007" time="3.166"/>
  <system-out/>
</testsuite> <!-- com.spotify.albums.Albums_GAS_007 -->
