<?xml version="1.0" encoding="UTF-8"?>
<!-- Generated by org.testng.reporters.JUnitReportReporter -->
<testsuite hostname="TYSS-Abhishek" failures="0" tests="1" name="com.spotify.tracks.Tracks_GUST_003" time="6.961" errors="0" timestamp="2023-01-13T16:45:51 IST" skipped="0">
  <testcase classname="com.spotify.tracks.Tracks_GUST_003" name="TC_Tracks_GUST_003" time="6.961"/>
  <system-out/>
</testsuite> <!-- com.spotify.tracks.Tracks_GUST_003 -->
