<?xml version="1.0" encoding="UTF-8"?>
<!-- Generated by org.testng.reporters.JUnitReportReporter -->
<testsuite hostname="TYSS-Abhishek" failures="0" tests="1" name="com.spotify.shows.Shows_GA_003" time="6.278" errors="0" timestamp="2023-01-12T11:55:42 IST" skipped="0">
  <testcase classname="com.spotify.shows.Shows_GA_003" name="validateResponseContainsShowNameAndRealeasedate" time="6.278"/>
  <system-out/>
</testsuite> <!-- com.spotify.shows.Shows_GA_003 -->
