<?xml version="1.0" encoding="UTF-8"?>
<!-- Generated by org.testng.reporters.JUnitReportReporter -->
<testsuite skipped="0" hostname="TYSS-Abhishek" name="com.spotify.playlist.AddItemsToPlaylist" tests="1" failures="0" timestamp="2023-01-07T22:25:19 IST" time="2.897" errors="0">
  <testcase name="addItemsToPlaylist" time="2.897" classname="com.spotify.playlist.AddItemsToPlaylist"/>
  <system-out/>
</testsuite> <!-- com.spotify.playlist.AddItemsToPlaylist -->
