<?xml version="1.0" encoding="UTF-8"?>
<!-- Generated by org.testng.reporters.JUnitReportReporter -->
<testsuite skipped="0" hostname="TYSS-Abhishek" name="com.spotify.user.GetUsersProfile" tests="1" failures="0" timestamp="2023-01-08T19:49:08 IST" time="2.781" errors="0">
  <testcase name="getUsersTopItem" time="2.781" classname="com.spotify.user.GetUsersProfile"/>
  <system-out/>
</testsuite> <!-- com.spotify.user.GetUsersProfile -->
