<?xml version="1.0" encoding="UTF-8"?>
<!-- Generated by org.testng.reporters.JUnitReportReporter -->
<testsuite hostname="TYSS-Abhishek" failures="0" tests="1" name="com.spotify.artists.GetArtist" time="6.082" errors="0" timestamp="2023-01-10T22:10:08 IST" skipped="0">
  <testcase classname="com.spotify.artists.GetArtist" name="getArtist" time="6.082"/>
  <system-out/>
</testsuite> <!-- com.spotify.artists.GetArtist -->
