<?xml version="1.0" encoding="UTF-8"?>
<!-- Generated by org.testng.reporters.JUnitReportReporter -->
<testsuite skipped="0" hostname="TYSS-Abhishek" name="com.spotify.markets.GetAvailableMarkets" tests="1" failures="0" timestamp="2023-01-07T21:51:19 IST" time="2.937" errors="0">
  <testcase name="searchForItem" time="2.937" classname="com.spotify.markets.GetAvailableMarkets"/>
  <system-out/>
</testsuite> <!-- com.spotify.markets.GetAvailableMarkets -->
