<?xml version="1.0" encoding="UTF-8"?>
<!-- Generated by org.testng.reporters.JUnitReportReporter -->
<testsuite skipped="0" hostname="TYSS-Abhishek" name="com.spotify.episodes.UserSavedEpisodes" tests="1" failures="0" timestamp="2023-01-07T20:03:32 IST" time="3.182" errors="0">
  <testcase name="getEpisode" time="3.182" classname="com.spotify.episodes.UserSavedEpisodes"/>
  <system-out/>
</testsuite> <!-- com.spotify.episodes.UserSavedEpisodes -->
