<?xml version="1.0" encoding="UTF-8"?>
<!-- Generated by org.testng.reporters.JUnitReportReporter -->
<testsuite hostname="TYSS-Bredlin" failures="0" tests="1" name="com.spotify.tracks.TYSS_Tracks_STCU_004" time="5.070" errors="0" timestamp="2023-01-17T09:54:15 IST" skipped="0">
  <testcase classname="com.spotify.tracks.TYSS_Tracks_STCU_004" name="TC_TYSS_Tracks_STCU_004" time="5.070"/>
  <system-out/>
</testsuite> <!-- com.spotify.tracks.TYSS_Tracks_STCU_004 -->
