<?xml version="1.0" encoding="UTF-8"?>
<!-- Generated by org.testng.reporters.JUnitReportReporter -->
<testsuite skipped="0" hostname="TYSS-Manjappa" name="com.tyss.jiosavan.android.testscripts.Tc_001" tests="1" failures="0" timestamp="2022-12-26T21:51:27 IST" time="4.895" errors="0">
  <testcase name="create" time="4.895" classname="com.tyss.jiosavan.android.testscripts.Tc_001"/>
  <system-out/>
</testsuite> <!-- com.tyss.jiosavan.android.testscripts.Tc_001 -->
