<?xml version="1.0" encoding="UTF-8"?>
<!-- Generated by org.testng.reporters.JUnitReportReporter -->
<testsuite skipped="0" hostname="TYSS-Abhishek" name="com.spotify.authorization.Authorization" tests="1" failures="0" timestamp="2023-01-03T13:39:13 IST" time="3.456" errors="0">
  <testcase name="getAuthorization" time="3.456" classname="com.spotify.authorization.Authorization"/>
  <system-out/>
</testsuite> <!-- com.spotify.authorization.Authorization -->
