<?xml version="1.0" encoding="UTF-8"?>
<!-- Generated by org.testng.reporters.JUnitReportReporter -->
<testsuite skipped="0" hostname="TYSS-Abhishek" name="com.spotify.tracks.GetSeveralTracks" tests="1" failures="0" timestamp="2023-01-07T20:30:09 IST" time="3.159" errors="0">
  <testcase name="getSeveralTracks" time="3.159" classname="com.spotify.tracks.GetSeveralTracks"/>
  <system-out/>
</testsuite> <!-- com.spotify.tracks.GetSeveralTracks -->
