<?xml version="1.0" encoding="UTF-8"?>
<!-- Generated by org.testng.reporters.JUnitReportReporter -->
<testsuite skipped="0" hostname="TYSS-Abhishek" name="com.spotify.episodes.CheckUserSavedEpisodes" tests="1" failures="0" timestamp="2023-01-07T20:08:58 IST" time="3.378" errors="0">
  <testcase name="getEpisode" time="3.378" classname="com.spotify.episodes.CheckUserSavedEpisodes"/>
  <system-out/>
</testsuite> <!-- com.spotify.episodes.CheckUserSavedEpisodes -->
