<?xml version="1.0" encoding="UTF-8"?>
<!-- Generated by org.testng.reporters.JUnitReportReporter -->
<testsuite skipped="0" hostname="TYSS-Manjappa" name="com.spotify.playlist.TYSS_Playlists_CP_003" tests="1" failures="0" timestamp="2023-01-25T11:59:14 IST" time="2.677" errors="0">
  <testcase name="TC_Playlists_CP_003" time="2.677" classname="com.spotify.playlist.TYSS_Playlists_CP_003"/>
  <system-out/>
</testsuite> <!-- com.spotify.playlist.TYSS_Playlists_CP_003 -->
