<?xml version="1.0" encoding="UTF-8"?>
<!-- Generated by org.testng.reporters.JUnitReportReporter -->
<testsuite hostname="DESKTOP-7UUT0JG" failures="0" tests="1" name="com.spotify.artists.TYSS_TC_Artists_GARA_003" time="4.022" errors="0" timestamp="2023-01-27T10:39:50 IST" skipped="0">
  <testcase classname="com.spotify.artists.TYSS_TC_Artists_GARA_003" name="TC_Artists_GARA_003" time="4.022"/>
  <system-out/>
</testsuite> <!-- com.spotify.artists.TYSS_TC_Artists_GARA_003 -->
