<?xml version="1.0" encoding="UTF-8"?>
<!-- Generated by org.testng.reporters.JUnitReportReporter -->
<testsuite skipped="0" hostname="TYSS-Abhishek" name="com.trello.boards.testscripts.GetCardsOnABoard" tests="1" failures="0" timestamp="2023-01-02T11:08:27 IST" time="4.088" errors="0">
  <testcase name="card" time="4.088" classname="com.trello.boards.testscripts.GetCardsOnABoard"/>
  <system-out/>
</testsuite> <!-- com.trello.boards.testscripts.GetCardsOnABoard -->
