<?xml version="1.0" encoding="UTF-8"?>
<!-- Generated by org.testng.reporters.JUnitReportReporter -->
<testsuite skipped="0" hostname="TYSS-Abhishek" name="com.spotify.shows.EndToEndScript" tests="1" failures="0" timestamp="2023-01-07T19:55:32 IST" time="5.339" errors="0">
  <testcase name="saveShowsForUser" time="5.339" classname="com.spotify.shows.EndToEndScript"/>
  <system-out/>
</testsuite> <!-- com.spotify.shows.EndToEndScript -->
