<?xml version="1.0" encoding="UTF-8"?>
<!-- Generated by org.testng.reporters.JUnitReportReporter -->
<testsuite skipped="0" hostname="TYSS-Abhishek" name="com.spotify.albums.SaveAlbumForUser" tests="1" failures="0" timestamp="2023-01-07T16:56:18 IST" time="1.526" errors="0">
  <testcase name="getAlbums" time="1.526" classname="com.spotify.albums.SaveAlbumForUser"/>
  <system-out/>
</testsuite> <!-- com.spotify.albums.SaveAlbumForUser -->
