<?xml version="1.0" encoding="UTF-8"?>
<!-- Generated by org.testng.reporters.JUnitReportReporter -->
<testsuite skipped="0" hostname="TYSS-Manjappa" name="com.spotify.users.TYSS_Users_GUP_005" tests="1" failures="0" timestamp="2023-01-25T11:57:49 IST" time="2.614" errors="0">
  <testcase name="TC_Users_GUP_005" time="2.614" classname="com.spotify.users.TYSS_Users_GUP_005"/>
  <system-out/>
</testsuite> <!-- com.spotify.users.TYSS_Users_GUP_005 -->
