<?xml version="1.0" encoding="UTF-8"?>
<!-- Generated by org.testng.reporters.JUnitReportReporter -->
<testsuite hostname="TYSS-Abhishek" failures="0" tests="1" name="com.spotify.shows.TYSS_Shows_GS_004" time="0.847" errors="0" timestamp="2023-01-16T19:18:10 IST" skipped="0">
  <testcase classname="com.spotify.shows.TYSS_Shows_GS_004" name="TC_Shows_GS_004" time="0.847"/>
  <system-out/>
</testsuite> <!-- com.spotify.shows.TYSS_Shows_GS_004 -->
