<?xml version="1.0" encoding="UTF-8"?>
<!-- Generated by org.testng.reporters.JUnitReportReporter -->
<testsuite hostname="TYSS-Abhishek" failures="0" tests="1" name="com.spotify.shows.Shows_RUSS_014" time="6.110" errors="0" timestamp="2023-01-12T15:58:13 IST" skipped="0">
  <testcase classname="com.spotify.shows.Shows_RUSS_014" name="validateResponseContainsErrorWithWrongShowId" time="6.110"/>
  <system-out/>
</testsuite> <!-- com.spotify.shows.Shows_RUSS_014 -->
