<?xml version="1.0" encoding="UTF-8"?>
<!-- Generated by org.testng.reporters.JUnitReportReporter -->
<testsuite hostname="DESKTOP-7UUT0JG" failures="0" tests="1" name="com.spotify.playlist.TYSS_TC_Playlists_AITP_004" time="3.768" errors="0" timestamp="2023-01-27T10:40:21 IST" skipped="0">
  <testcase classname="com.spotify.playlist.TYSS_TC_Playlists_AITP_004" name="TC_Playlists_AITP_004" time="3.768"/>
  <system-out/>
</testsuite> <!-- com.spotify.playlist.TYSS_TC_Playlists_AITP_004 -->
