<?xml version="1.0" encoding="UTF-8"?>
<!-- Generated by org.testng.reporters.JUnitReportReporter -->
<testsuite skipped="0" hostname="TYSS-Abhishek" name="com.spotify.search.SearchForItem" tests="1" failures="0" timestamp="2023-01-07T21:23:31 IST" time="3.327" errors="0">
  <testcase name="searchForItem" time="3.327" classname="com.spotify.search.SearchForItem"/>
  <system-out/>
</testsuite> <!-- com.spotify.search.SearchForItem -->
