<?xml version="1.0" encoding="UTF-8"?>
<!-- Generated by org.testng.reporters.JUnitReportReporter -->
<testsuite skipped="0" hostname="TYSS-Manjappa" name="com.spotify.users.TYSS_Users_UFA_002" tests="1" failures="0" timestamp="2023-01-16T18:05:24 IST" time="3.334" errors="0">
  <testcase name="TC_Users_UFA_002" time="3.334" classname="com.spotify.users.TYSS_Users_UFA_002"/>
  <system-out/>
</testsuite> <!-- com.spotify.users.TYSS_Users_UFA_002 -->
