<?xml version="1.0" encoding="UTF-8"?>
<!-- Generated by org.testng.reporters.JUnitReportReporter -->
<testsuite hostname="TYSS-Bredlin" failures="0" tests="1" name="com.spotify.shows.TYSS_Shows_GSS_003" time="3.176" errors="0" timestamp="2023-01-25T11:03:46 IST" skipped="0">
  <testcase classname="com.spotify.shows.TYSS_Shows_GSS_003" name="TC_TYSS_Shows_GSS_003" time="3.176"/>
  <system-out/>
</testsuite> <!-- com.spotify.shows.TYSS_Shows_GSS_003 -->
