<?xml version="1.0" encoding="UTF-8"?>
<!-- Generated by org.testng.reporters.JUnitReportReporter -->
<testsuite hostname="LAPTOP-RAB3K5J6" failures="0" tests="1" name="com.spotify.shows.TYSS_Shows_GSE_002" time="3.460" errors="0" timestamp="2023-01-17T10:33:30 IST" skipped="0">
  <testcase classname="com.spotify.shows.TYSS_Shows_GSE_002" name="TC_TYSS_Shows_GSE_002" time="3.460"/>
  <system-out/>
</testsuite> <!-- com.spotify.shows.TYSS_Shows_GSE_002 -->
