<?xml version="1.0" encoding="UTF-8"?>
<!-- Generated by org.testng.reporters.JUnitReportReporter -->
<testsuite skipped="0" hostname="TYSS-Abhishek" name="com.trello.list.ArchiveallcardsinList" tests="1" failures="0" timestamp="2023-01-01T20:51:55 IST" time="4.014" errors="0">
  <testcase name="archiveallcardsinList" time="4.014" classname="com.trello.list.ArchiveallcardsinList"/>
  <system-out/>
</testsuite> <!-- com.trello.list.ArchiveallcardsinList -->
