<?xml version="1.0" encoding="UTF-8"?>
<!-- Generated by org.testng.reporters.JUnitReportReporter -->
<testsuite skipped="0" hostname="TYSS-Manjappa" name="com.tyss.reqres.testscripts.LoginUnSuccesful" tests="1" failures="0" timestamp="2022-12-27T17:09:12 IST" time="2.708" errors="0">
  <testcase name="register" time="2.708" classname="com.tyss.reqres.testscripts.LoginUnSuccesful"/>
  <system-out/>
</testsuite> <!-- com.tyss.reqres.testscripts.LoginUnSuccesful -->
