<?xml version="1.0" encoding="UTF-8"?>
<!-- Generated by org.testng.reporters.JUnitReportReporter -->
<testsuite hostname="TYSS-Bredlin" failures="0" tests="1" name="com.spotify.tracks.TYSS_Tracks_GT_002" time="3.015" errors="0" timestamp="2023-01-17T10:39:13 IST" skipped="0">
  <testcase classname="com.spotify.tracks.TYSS_Tracks_GT_002" name="TC_TYSS_Tracks_GT_002" time="3.015"/>
  <system-out/>
</testsuite> <!-- com.spotify.tracks.TYSS_Tracks_GT_002 -->
