<?xml version="1.0" encoding="UTF-8"?>
<!-- Generated by org.testng.reporters.JUnitReportReporter -->
<testsuite skipped="0" hostname="TYSS-Manjappa" name="com.tyss.reqres.testscripts.DelayedResponse" tests="1" failures="0" timestamp="2022-12-27T17:13:26 IST" time="2.135" errors="0">
  <testcase name="register" time="2.135" classname="com.tyss.reqres.testscripts.DelayedResponse"/>
  <system-out/>
</testsuite> <!-- com.tyss.reqres.testscripts.DelayedResponse -->
