<?xml version="1.0" encoding="UTF-8"?>
<!-- Generated by org.testng.reporters.JUnitReportReporter -->
<testsuite skipped="0" hostname="user" name="com.trello.android.testscripts.TYSS_TC_CM_004" tests="1" failures="0" timestamp="2022-06-22T15:53:26 IST" time="67.083" errors="0">
  <testcase name="TC_TYSS_TBD_001" time="67.083" classname="com.trello.android.testscripts.TYSS_TC_CM_004"/>
  <system-out/>
</testsuite> <!-- com.trello.android.testscripts.TYSS_TC_CM_004 -->
