<?xml version="1.0" encoding="UTF-8"?>
<!-- Generated by org.testng.reporters.JUnitReportReporter -->
<testsuite hostname="LAPTOP-RAB3K5J6" failures="0" tests="1" name="com.spotify.albums.TYSS_Albums_GAT_005" time="2.607" errors="0" timestamp="2023-01-17T10:24:44 IST" skipped="0">
  <testcase classname="com.spotify.albums.TYSS_Albums_GAT_005" name="TC_TYSS_Albums_GAT_005" time="2.607"/>
  <system-out/>
</testsuite> <!-- com.spotify.albums.TYSS_Albums_GAT_005 -->
