<?xml version="1.0" encoding="UTF-8"?>
<!-- Generated by org.testng.reporters.JUnitReportReporter -->
<testsuite skipped="0" hostname="TYSS-Manjappa" name="com.tyss.flipkart.android.testscripts.TC_Flipkart_009" tests="1" failures="0" timestamp="2022-11-30T16:49:04 IST" time="14.184" errors="0">
  <testcase name="TC_TYSS_Flipkart_007" time="14.184" classname="com.tyss.flipkart.android.testscripts.TC_Flipkart_009"/>
  <system-out/>
</testsuite> <!-- com.tyss.flipkart.android.testscripts.TC_Flipkart_009 -->
