<?xml version="1.0" encoding="UTF-8"?>
<!-- Generated by org.testng.reporters.JUnitReportReporter -->
<testsuite skipped="0" hostname="TYSS-Abhishek" name="com.trello.search.SearchforaMember" tests="1" failures="0" timestamp="2023-01-02T10:52:44 IST" time="4.781" errors="0">
  <testcase name="getALabel" time="4.781" classname="com.trello.search.SearchforaMember"/>
  <system-out/>
</testsuite> <!-- com.trello.search.SearchforaMember -->
