<?xml version="1.0" encoding="UTF-8"?>
<!-- Generated by org.testng.reporters.JUnitReportReporter -->
<testsuite skipped="0" hostname="TYSS-Abhishek" name="com.trello.cards.GetCheckListsOnACard" tests="1" failures="0" timestamp="2023-01-02T12:54:05 IST" time="2.286" errors="0">
  <testcase name="card" time="2.286" classname="com.trello.cards.GetCheckListsOnACard"/>
  <system-out/>
</testsuite> <!-- com.trello.cards.GetCheckListsOnACard -->
