<?xml version="1.0" encoding="UTF-8"?>
<!-- Generated by org.testng.reporters.JUnitReportReporter -->
<testsuite skipped="0" hostname="TYSS-Abhishek" name="com.spotify.tracks.SaveTrackForUser" tests="1" failures="0" timestamp="2023-01-07T20:36:02 IST" time="3.292" errors="0">
  <testcase name="saveTrackForUser" time="3.292" classname="com.spotify.tracks.SaveTrackForUser"/>
  <system-out/>
</testsuite> <!-- com.spotify.tracks.SaveTrackForUser -->
