<?xml version="1.0" encoding="UTF-8"?>
<!-- Generated by org.testng.reporters.JUnitReportReporter -->
<testsuite hostname="DESKTOP-7UUT0JG" failures="0" tests="1" name="com.spotify.artists.TYSS_TC_Artists_GSA_002" time="4.177" errors="0" timestamp="2023-01-25T11:16:44 IST" skipped="0">
  <testcase classname="com.spotify.artists.TYSS_TC_Artists_GSA_002" name="TC_Artists_GSA_002" time="4.177"/>
  <system-out/>
</testsuite> <!-- com.spotify.artists.TYSS_TC_Artists_GSA_002 -->
