<?xml version="1.0" encoding="UTF-8"?>
<!-- Generated by org.testng.reporters.JUnitReportReporter -->
<testsuite skipped="0" hostname="TYSS-Manjappa" name="com.tyss.reqres.testscripts.ListUsers" tests="1" failures="0" timestamp="2022-12-27T12:50:35 IST" time="3.460" errors="0">
  <testcase name="listusers" time="3.460" classname="com.tyss.reqres.testscripts.ListUsers"/>
  <system-out/>
</testsuite> <!-- com.tyss.reqres.testscripts.ListUsers -->
