<?xml version="1.0" encoding="UTF-8"?>
<!-- Generated by org.testng.reporters.JUnitReportReporter -->
<testsuite hostname="TYSS-Bredlin" failures="0" tests="1" name="com.spotify.tracks.TYSS_Tracks_GT_001" time="3.024" errors="0" timestamp="2023-01-25T11:07:40 IST" skipped="0">
  <testcase classname="com.spotify.tracks.TYSS_Tracks_GT_001" name="TC_TYSS_Tracks_GT_001" time="3.024"/>
  <system-out/>
</testsuite> <!-- com.spotify.tracks.TYSS_Tracks_GT_001 -->
