<?xml version="1.0" encoding="UTF-8"?>
<!-- Generated by org.testng.reporters.JUnitReportReporter -->
<testsuite skipped="0" hostname="TYSS-Abhishek" name="com.spotify.tracks.GetTracksAudioAnalysis" tests="1" failures="0" timestamp="2023-01-07T20:44:10 IST" time="4.933" errors="0">
  <testcase name="getUserSavedTracks" time="4.933" classname="com.spotify.tracks.GetTracksAudioAnalysis"/>
  <system-out/>
</testsuite> <!-- com.spotify.tracks.GetTracksAudioAnalysis -->
