<?xml version="1.0" encoding="UTF-8"?>
<!-- Generated by org.testng.reporters.JUnitReportReporter -->
<testsuite skipped="0" hostname="TYSS-Manjappa" name="com.tyss.reqres.testscripts.Update2" tests="1" failures="0" timestamp="2022-12-27T16:45:32 IST" time="2.662" errors="0">
  <testcase name="update" time="2.662" classname="com.tyss.reqres.testscripts.Update2"/>
  <system-out/>
</testsuite> <!-- com.tyss.reqres.testscripts.Update2 -->
