<?xml version="1.0" encoding="UTF-8"?>
<!-- Generated by org.testng.reporters.JUnitReportReporter -->
<testsuite hostname="TYSS-Abhishek" failures="0" tests="1" name="com.spotify.tracks.TYSS_Tracks_GR_006" time="0.761" errors="0" timestamp="2023-01-16T19:18:10 IST" skipped="0">
  <testcase classname="com.spotify.tracks.TYSS_Tracks_GR_006" name="TC_TYSS_Tracks_GR_005" time="0.761"/>
  <system-out/>
</testsuite> <!-- com.spotify.tracks.TYSS_Tracks_GR_006 -->
