<?xml version="1.0" encoding="UTF-8"?>
<!-- Generated by org.testng.reporters.JUnitReportReporter -->
<testsuite hostname="LAPTOP-RAB3K5J6" failures="0" tests="1" name="com.spotify.shows.TYSS_Shows_SSFCU_002" time="2.928" errors="0" timestamp="2023-01-17T10:34:32 IST" skipped="0">
  <testcase classname="com.spotify.shows.TYSS_Shows_SSFCU_002" name="TC_TYSS_Shows_SSFCU_002" time="2.928"/>
  <system-out/>
</testsuite> <!-- com.spotify.shows.TYSS_Shows_SSFCU_002 -->
