<?xml version="1.0" encoding="UTF-8"?>
<!-- Generated by org.testng.reporters.JUnitReportReporter -->
<testsuite skipped="0" hostname="TYSS-Manjappa" name="com.trello.boards.testscripts.CreatelabelonBoard" tests="1" failures="0" timestamp="2022-12-29T11:03:38 IST" time="6.019" errors="0">
  <testcase name="card" time="6.019" classname="com.trello.boards.testscripts.CreatelabelonBoard"/>
  <system-out/>
</testsuite> <!-- com.trello.boards.testscripts.CreatelabelonBoard -->
