<?xml version="1.0" encoding="UTF-8"?>
<!-- Generated by org.testng.reporters.JUnitReportReporter -->
<testsuite skipped="0" hostname="TYSS-Abhishek" name="com.trello.cards.GetACard" tests="1" failures="0" timestamp="2023-01-01T19:32:11 IST" time="4.633" errors="0">
  <testcase name="card" time="4.633" classname="com.trello.cards.GetACard"/>
  <system-out/>
</testsuite> <!-- com.trello.cards.GetACard -->
