<?xml version="1.0" encoding="UTF-8"?>
<!-- Generated by org.testng.reporters.JUnitReportReporter -->
<testsuite skipped="0" hostname="TYSS-Abhishek" name="com.spotify.user.UnFollowPlaylist" tests="1" failures="0" timestamp="2023-01-08T19:57:43 IST" time="2.874" errors="0">
  <testcase name="changePlaylistDetails" time="2.874" classname="com.spotify.user.UnFollowPlaylist"/>
  <system-out/>
</testsuite> <!-- com.spotify.user.UnFollowPlaylist -->
