<?xml version="1.0" encoding="UTF-8"?>
<!-- Generated by org.testng.reporters.JUnitReportReporter -->
<testsuite skipped="0" hostname="TYSS-Abhishek" name="com.trello.list.GetAList" tests="1" failures="0" timestamp="2023-01-01T20:43:14 IST" time="4.252" errors="0">
  <testcase name="getALists" time="4.252" classname="com.trello.list.GetAList"/>
  <system-out/>
</testsuite> <!-- com.trello.list.GetAList -->
