<?xml version="1.0" encoding="UTF-8"?>
<!-- Generated by org.testng.reporters.JUnitReportReporter -->
<testsuite hostname="TYSS-Abhishek" failures="0" tests="1" name="com.spotify.shows.Shows_GA_006" time="6.099" errors="0" timestamp="2023-01-12T12:15:18 IST" skipped="0">
  <testcase classname="com.spotify.shows.Shows_GA_006" name="validateResponseWithWrongShowEndpoint" time="6.099"/>
  <system-out/>
</testsuite> <!-- com.spotify.shows.Shows_GA_006 -->
