<?xml version="1.0" encoding="UTF-8"?>
<!-- Generated by org.testng.reporters.JUnitReportReporter -->
<testsuite hostname="DESKTOP-E80DE1T" failures="0" tests="1" name="com.trello.android.testscripts.Test" time="0.028" errors="0" timestamp="2021-11-08T16:47:25 IST" skipped="0">
  <testcase classname="com.trello.android.testscripts.Test" name="test" time="0.028"/>
  <system-out/>
</testsuite> <!-- com.trello.android.testscripts.Test -->
