<?xml version="1.0" encoding="UTF-8"?>
<!-- Generated by org.testng.reporters.JUnitReportReporter -->
<testsuite hostname="LAPTOP-7VBCUA20" failures="0" tests="1" name="com.spotify.playlist.TYSS_TC_Playlists_CPD_004" time="3.724" errors="0" timestamp="2023-01-16T17:48:48 IST" skipped="0">
  <testcase classname="com.spotify.playlist.TYSS_TC_Playlists_CPD_004" name="TC_Playlists_CPD_004" time="3.724"/>
  <system-out/>
</testsuite> <!-- com.spotify.playlist.TYSS_TC_Playlists_CPD_004 -->
