<?xml version="1.0" encoding="UTF-8"?>
<!-- Generated by org.testng.reporters.JUnitReportReporter -->
<testsuite skipped="0" hostname="user" name="com.trello.android.testscripts.ConstructionAdvisory" tests="1" failures="0" timestamp="2022-06-15T16:06:48 IST" time="127.781" errors="0">
  <testcase name="TC_TYSS_TBD_001" time="127.781" classname="com.trello.android.testscripts.ConstructionAdvisory"/>
  <system-out/>
</testsuite> <!-- com.trello.android.testscripts.ConstructionAdvisory -->
