<?xml version="1.0" encoding="UTF-8"?>
<!-- Generated by org.testng.reporters.JUnitReportReporter -->
<testsuite hostname="TYSS-Abhishek" failures="0" tests="1" name="com.spotify.albums.GetAlbum" time="8.768" errors="0" timestamp="2023-01-11T16:46:14 IST" skipped="0">
  <testcase classname="com.spotify.albums.GetAlbum" name="getAlbum" time="8.768"/>
  <system-out/>
</testsuite> <!-- com.spotify.albums.GetAlbum -->
