<?xml version="1.0" encoding="UTF-8"?>
<!-- Generated by org.testng.reporters.JUnitReportReporter -->
<testsuite hostname="LAPTOP-RAB3K5J6" failures="0" tests="1" name="com.spotify.genres.TYSS_Genres_GAGS_002" time="2.665" errors="0" timestamp="2023-01-17T10:27:08 IST" skipped="0">
  <testcase classname="com.spotify.genres.TYSS_Genres_GAGS_002" name="TC_TYSS_Genres_GAGS_002" time="2.665"/>
  <system-out/>
</testsuite> <!-- com.spotify.genres.TYSS_Genres_GAGS_002 -->
