<?xml version="1.0" encoding="UTF-8"?>
<!-- Generated by org.testng.reporters.JUnitReportReporter -->
<testsuite hostname="LAPTOP-RAB3K5J6" failures="0" tests="1" name="com.spotify.shows.TYSS_Shows_GSE_004" time="3.087" errors="0" timestamp="2023-01-17T10:33:49 IST" skipped="0">
  <testcase classname="com.spotify.shows.TYSS_Shows_GSE_004" name="TC_TYSS_Shows_GSE_004" time="3.087"/>
  <system-out/>
</testsuite> <!-- com.spotify.shows.TYSS_Shows_GSE_004 -->
