<?xml version="1.0" encoding="UTF-8"?>
<!-- Generated by org.testng.reporters.JUnitReportReporter -->
<testsuite skipped="0" hostname="TYSS-Abhishek" name="com.spotify.episodes.GetEpisode" tests="1" failures="0" timestamp="2023-01-07T20:16:51 IST" time="4.041" errors="0">
  <testcase name="getEpisode" time="4.041" classname="com.spotify.episodes.GetEpisode"/>
  <system-out/>
</testsuite> <!-- com.spotify.episodes.GetEpisode -->
