<?xml version="1.0" encoding="UTF-8"?>
<!-- Generated by org.testng.reporters.JUnitReportReporter -->
<testsuite skipped="0" hostname="TYSS-Abhishek" name="com.spotify.artists.GetArtistsRelatedArtists" tests="1" failures="0" timestamp="2023-01-07T19:19:35 IST" time="3.129" errors="0">
  <testcase name="getArtistsRelatedArtists" time="3.129" classname="com.spotify.artists.GetArtistsRelatedArtists"/>
  <system-out/>
</testsuite> <!-- com.spotify.artists.GetArtistsRelatedArtists -->
