<?xml version="1.0" encoding="UTF-8"?>
<!-- Generated by org.testng.reporters.JUnitReportReporter -->
<testsuite hostname="TYSS-Abhishek" failures="0" tests="1" name="com.spotify.shows.Shows_RUSS_003" time="2.833" errors="0" timestamp="2023-01-13T12:05:00 IST" skipped="0">
  <testcase classname="com.spotify.shows.Shows_RUSS_003" name="TC_Shows_RUSS_003" time="2.833"/>
  <system-out/>
</testsuite> <!-- com.spotify.shows.Shows_RUSS_003 -->
