<?xml version="1.0" encoding="UTF-8"?>
<!-- Generated by org.testng.reporters.JUnitReportReporter -->
<testsuite hostname="LAPTOP-7VBCUA20" failures="0" tests="1" name="com.spotify.playlist.TYSS_TC_Playlists_GP_002" time="6.643" errors="0" timestamp="2023-01-25T11:13:01 IST" skipped="0">
  <testcase classname="com.spotify.playlist.TYSS_TC_Playlists_GP_002" name="TYSS_Playlists_GP_002" time="6.643"/>
  <system-out/>
</testsuite> <!-- com.spotify.playlist.TYSS_TC_Playlists_GP_002 -->
