<?xml version="1.0" encoding="UTF-8"?>
<!-- Generated by org.testng.reporters.JUnitReportReporter -->
<testsuite hostname="LAPTOP-RAB3K5J6" failures="0" tests="1" name="com.spotify.tracks.TYSS_Tracks_RUST_001" time="3.215" errors="0" timestamp="2023-01-17T10:37:03 IST" skipped="0">
  <testcase classname="com.spotify.tracks.TYSS_Tracks_RUST_001" name="TC_TYSS_Tracks_RUST_001" time="3.215"/>
  <system-out/>
</testsuite> <!-- com.spotify.tracks.TYSS_Tracks_RUST_001 -->
