<?xml version="1.0" encoding="UTF-8"?>
<!-- Generated by org.testng.reporters.JUnitReportReporter -->
<testsuite hostname="TYSS-Abhishek" failures="0" tests="1" name="com.spotify.shows.Shows_GA_005" time="5.577" errors="0" timestamp="2023-01-12T12:12:00 IST" skipped="0">
  <testcase classname="com.spotify.shows.Shows_GA_005" name="validateResponseContainsErrorWithWrongShowId" time="5.577"/>
  <system-out/>
</testsuite> <!-- com.spotify.shows.Shows_GA_005 -->
