<?xml version="1.0" encoding="UTF-8"?>
<!-- Generated by org.testng.reporters.JUnitReportReporter -->
<testsuite skipped="0" hostname="TYSS-Abhishek" name="com.spotify.shows.GetShowsEpisodes" tests="1" failures="0" timestamp="2023-01-07T19:29:12 IST" time="3.290" errors="0">
  <testcase name="getShowsEpisodes" time="3.290" classname="com.spotify.shows.GetShowsEpisodes"/>
  <system-out/>
</testsuite> <!-- com.spotify.shows.GetShowsEpisodes -->
