<?xml version="1.0" encoding="UTF-8"?>
<!-- Generated by org.testng.reporters.JUnitReportReporter -->
<testsuite skipped="0" hostname="TYSS-Manjappa" name="com.trello.boards.testscripts.GetBoardStatus" tests="1" failures="0" timestamp="2022-12-28T21:08:00 IST" time="3.755" errors="0">
  <testcase name="board" time="3.755" classname="com.trello.boards.testscripts.GetBoardStatus"/>
  <system-out/>
</testsuite> <!-- com.trello.boards.testscripts.GetBoardStatus -->
