<?xml version="1.0" encoding="UTF-8"?>
<!-- Generated by org.testng.reporters.JUnitReportReporter -->
<testsuite skipped="0" hostname="TYSS-Abhishek" name="com.trello.endtoendscripts.CreateBoardAddListCardAndDelete" tests="1" failures="0" timestamp="2023-01-01T20:30:30 IST" time="10.838" errors="0">
  <testcase name="createBoardAndDeleteBoard" time="10.838" classname="com.trello.endtoendscripts.CreateBoardAddListCardAndDelete"/>
  <system-out/>
</testsuite> <!-- com.trello.endtoendscripts.CreateBoardAddListCardAndDelete -->
