<?xml version="1.0" encoding="UTF-8"?>
<!-- Generated by org.testng.reporters.JUnitReportReporter -->
<testsuite hostname="TYSS-Abhishek" failures="0" tests="1" name="com.spotify.playlist.GetPlaylist" time="5.807" errors="0" timestamp="2023-01-10T21:53:40 IST" skipped="0">
  <testcase classname="com.spotify.playlist.GetPlaylist" name="getPlaylist" time="5.807"/>
  <system-out/>
</testsuite> <!-- com.spotify.playlist.GetPlaylist -->
