<?xml version="1.0" encoding="UTF-8"?>
<!-- Generated by org.testng.reporters.JUnitReportReporter -->
<<<<<<< HEAD
<testsuite hostname="LAPTOP-RAB3K5J6" failures="0" tests="1" name="com.spotify.albums.TYSS_Albums_GAT_003" time="3.517" errors="0" timestamp="2023-01-17T10:24:26 IST" skipped="0">
  <testcase classname="com.spotify.albums.TYSS_Albums_GAT_003" name="TC_TYSS_Albums_GAT_003" time="3.517"/>
=======
<testsuite hostname="TYSS-Bredlin" failures="0" tests="1" name="com.spotify.albums.TYSS_Albums_GAT_003" time="5.923" errors="0" timestamp="2023-01-17T08:59:32 IST" skipped="0">
  <testcase classname="com.spotify.albums.TYSS_Albums_GAT_003" name="TC_TYSS_Albums_GAT_003" time="5.923"/>
>>>>>>> 4c23084e1325d043848881a7171e117eb88fd9c7
  <system-out/>
</testsuite> <!-- com.spotify.albums.TYSS_Albums_GAT_003 -->
