<?xml version="1.0" encoding="UTF-8"?>
<!-- Generated by org.testng.reporters.JUnitReportReporter -->
<testsuite skipped="0" hostname="TYSS-Abhishek" name="com.trello.labels.UpdateALabel" tests="1" failures="0" timestamp="2023-01-01T20:24:52 IST" time="5.388" errors="0">
  <testcase name="checklist" time="5.388" classname="com.trello.labels.UpdateALabel"/>
  <system-out/>
</testsuite> <!-- com.trello.labels.UpdateALabel -->
