<?xml version="1.0" encoding="UTF-8"?>
<!-- Generated by org.testng.reporters.JUnitReportReporter -->
<testsuite hostname="LAPTOP-7VBCUA20" failures="0" tests="1" name="com.spotify.playlist.TYSS_TC_Playlists_GCUP_002" time="5.297" errors="0" timestamp="2023-01-16T16:09:19 IST" skipped="0">
  <testcase classname="com.spotify.playlist.TYSS_TC_Playlists_GCUP_002" name="TC_Playlists_GCUP_002" time="5.297"/>
  <system-out/>
</testsuite> <!-- com.spotify.playlist.TYSS_TC_Playlists_GCUP_002 -->
