<?xml version="1.0" encoding="UTF-8"?>
<!-- Generated by org.testng.reporters.JUnitReportReporter -->
<testsuite hostname="TYSS-Abhishek" failures="0" tests="1" name="com.spotify.shows.Shows_GS_005" time="2.692" errors="0" timestamp="2023-01-13T12:00:25 IST" skipped="0">
  <testcase classname="com.spotify.shows.Shows_GS_005" name="TC_Shows_GS_005" time="2.692"/>
  <system-out/>
</testsuite> <!-- com.spotify.shows.Shows_GS_005 -->
