<?xml version="1.0" encoding="UTF-8"?>
<!-- Generated by org.testng.reporters.JUnitReportReporter -->
<testsuite hostname="TYSS-Bredlin" failures="0" tests="1" name="com.spotify.albums.TYSS_Albums_GNR_004" time="2.563" errors="0" timestamp="2023-01-25T10:46:18 IST" skipped="0">
  <testcase classname="com.spotify.albums.TYSS_Albums_GNR_004" name="TYSS_Albums_GNR_004" time="2.563"/>
  <system-out/>
</testsuite> <!-- com.spotify.albums.TYSS_Albums_GNR_004 -->
