<?xml version="1.0" encoding="UTF-8"?>
<!-- Generated by org.testng.reporters.JUnitReportReporter -->
<testsuite hostname="LAPTOP-7VBCUA20" failures="0" tests="1" name="com.spotify.playlist.TYSS_TC_Playlists_RPI_001" time="4.446" errors="0" timestamp="2023-01-17T10:39:54 IST" skipped="0">
  <testcase classname="com.spotify.playlist.TYSS_TC_Playlists_RPI_001" name="TC_Playlists_RPI_001" time="4.446"/>
  <system-out/>
</testsuite> <!-- com.spotify.playlist.TYSS_TC_Playlists_RPI_001 -->
