<?xml version="1.0" encoding="UTF-8"?>
<!-- Generated by org.testng.reporters.JUnitReportReporter -->
<testsuite skipped="0" hostname="TYSS-Manjappa" name="com.reqres.testcase.Singleuser" tests="1" failures="0" timestamp="2022-12-27T15:02:51 IST" time="5.047" errors="0">
  <testcase name="reg" time="5.047" classname="com.reqres.testcase.Singleuser"/>
  <system-out/>
</testsuite> <!-- com.reqres.testcase.Singleuser -->
