<?xml version="1.0" encoding="UTF-8"?>
<!-- Generated by org.testng.reporters.JUnitReportReporter -->
<testsuite skipped="0" hostname="TYSS-Manjappa" name="com.spotify.playlist.TYSS_Playlists_CP_002" tests="1" failures="0" timestamp="2023-01-25T11:59:05 IST" time="3.464" errors="0">
  <testcase name="TC_Playlists_CP_002" time="3.464" classname="com.spotify.playlist.TYSS_Playlists_CP_002"/>
  <system-out/>
</testsuite> <!-- com.spotify.playlist.TYSS_Playlists_CP_002 -->
