<?xml version="1.0" encoding="UTF-8"?>
<!-- Generated by org.testng.reporters.JUnitReportReporter -->
<testsuite skipped="0" hostname="TYSS-Abhishek" name="com.spotify.user.GetCurrentUserProfile" tests="1" failures="0" timestamp="2023-01-08T19:42:42 IST" time="2.793" errors="0">
  <testcase name="getCurrentUserProfile" time="2.793" classname="com.spotify.user.GetCurrentUserProfile"/>
  <system-out/>
</testsuite> <!-- com.spotify.user.GetCurrentUserProfile -->
