<?xml version="1.0" encoding="UTF-8"?>
<!-- Generated by org.testng.reporters.JUnitReportReporter -->
<testsuite hostname="TYSS-Abhishek" failures="0" tests="1" name="com.spotify.playlist.EndToEndScript" time="6.983" errors="0" timestamp="2023-01-10T20:48:21 IST" skipped="0">
  <testcase classname="com.spotify.playlist.EndToEndScript" name="createPlaylist" time="6.983"/>
  <system-out/>
</testsuite> <!-- com.spotify.playlist.EndToEndScript -->
