<?xml version="1.0" encoding="UTF-8"?>
<!-- Generated by org.testng.reporters.JUnitReportReporter -->
<testsuite skipped="0" hostname="TYSS-Abhishek" name="com.spotify.playlist.UpdatePlaylistItems" tests="1" failures="0" timestamp="2023-01-07T22:30:30 IST" time="3.037" errors="0">
  <testcase name="changePlaylistDetails" time="3.037" classname="com.spotify.playlist.UpdatePlaylistItems"/>
  <system-out/>
</testsuite> <!-- com.spotify.playlist.UpdatePlaylistItems -->
