<?xml version="1.0" encoding="UTF-8"?>
<!-- Generated by org.testng.reporters.JUnitReportReporter -->
<testsuite skipped="0" hostname="TYSS-Abhishek" name="com.trello.cards.UpdateACard" tests="1" failures="0" timestamp="2023-01-01T19:42:23 IST" time="4.964" errors="0">
  <testcase name="updateCard" time="4.964" classname="com.trello.cards.UpdateACard"/>
  <system-out/>
</testsuite> <!-- com.trello.cards.UpdateACard -->
