<?xml version="1.0" encoding="UTF-8"?>
<!-- Generated by org.testng.reporters.JUnitReportReporter -->
<testsuite hostname="TYSS-Bredlin" failures="0" tests="1" name="com.spotify.shows.TYSS_Shows_GSS_002" time="3.081" errors="0" timestamp="2023-01-25T11:01:39 IST" skipped="0">
  <testcase classname="com.spotify.shows.TYSS_Shows_GSS_002" name="TC_TYSS_Shows_GSS_002" time="3.081"/>
  <system-out/>
</testsuite> <!-- com.spotify.shows.TYSS_Shows_GSS_002 -->
