<?xml version="1.0" encoding="UTF-8"?>
<!-- Generated by org.testng.reporters.JUnitReportReporter -->
<testsuite skipped="0" hostname="TYSS-Abhishek" name="com.spotify.categories.GetSevaralCategories" tests="1" failures="0" timestamp="2023-01-07T21:44:56 IST" time="2.782" errors="0">
  <testcase name="searchForItem" time="2.782" classname="com.spotify.categories.GetSevaralCategories"/>
  <system-out/>
</testsuite> <!-- com.spotify.categories.GetSevaralCategories -->
