<?xml version="1.0" encoding="UTF-8"?>
<!-- Generated by org.testng.reporters.JUnitReportReporter -->
<<<<<<< HEAD
<testsuite skipped="0" hostname="TYSS-Manjappa" name="com.spotify.tracks.TYSS_Tracks_CUST_001" tests="1" failures="0" timestamp="2023-01-25T11:52:02 IST" time="7.691" errors="0">
  <testcase name="TC_TYSS_Tracks_CUST_001" time="7.691" classname="com.spotify.tracks.TYSS_Tracks_CUST_001"/>
=======
<testsuite hostname="TYSS-Bredlin" failures="0" tests="1" name="com.spotify.tracks.TYSS_Tracks_CUST_001" time="3.033" errors="0" timestamp="2023-01-25T11:06:27 IST" skipped="0">
  <testcase classname="com.spotify.tracks.TYSS_Tracks_CUST_001" name="TC_TYSS_Tracks_CUST_001" time="3.033"/>
>>>>>>> b2db8b45f04188e429a24839fa2c448ad53bc713
  <system-out/>
</testsuite> <!-- com.spotify.tracks.TYSS_Tracks_CUST_001 -->
