<?xml version="1.0" encoding="UTF-8"?>
<!-- Generated by org.testng.reporters.JUnitReportReporter -->
<testsuite skipped="0" hostname="TYSS-Manjappa" name="com.trello.boards.testscripts.CreateListonBoard" tests="1" failures="0" timestamp="2022-12-28T16:56:55 IST" time="4.371" errors="0">
  <testcase name="card" time="4.371" classname="com.trello.boards.testscripts.CreateListonBoard"/>
  <system-out/>
</testsuite> <!-- com.trello.boards.testscripts.CreateListonBoard -->
