<?xml version="1.0" encoding="UTF-8"?>
<!-- Generated by org.testng.reporters.JUnitReportReporter -->
<testsuite hostname="TYSS-Bredlin" failures="0" tests="1" name="com.spotify.shows.TYSS_Shows_CUSS_002" time="4.616" errors="0" timestamp="2023-01-17T09:01:14 IST" skipped="0">
  <testcase classname="com.spotify.shows.TYSS_Shows_CUSS_002" name="TC_TYSS_Shows_CUSS_002" time="4.616"/>
  <system-out/>
</testsuite> <!-- com.spotify.shows.TYSS_Shows_CUSS_002 -->
