<?xml version="1.0" encoding="UTF-8"?>
<!-- Generated by org.testng.reporters.JUnitReportReporter -->
<testsuite skipped="0" hostname="user" name="com.trello.android.testscripts.TYSS_TC_PM_001" tests="1" failures="0" timestamp="2022-06-21T23:24:41 IST" time="69.970" errors="0">
  <testcase name="TC_PM_001" time="69.970" classname="com.trello.android.testscripts.TYSS_TC_PM_001"/>
  <system-out/>
</testsuite> <!-- com.trello.android.testscripts.TYSS_TC_PM_001 -->
