<?xml version="1.0" encoding="UTF-8"?>
<!-- Generated by org.testng.reporters.JUnitReportReporter -->
<testsuite skipped="0" hostname="TYSS-Abhishek" name="com.spotify.albums.GetNewReleases" tests="1" failures="0" timestamp="2023-01-07T16:58:27 IST" time="1.753" errors="0">
  <testcase name="getAlbums" time="1.753" classname="com.spotify.albums.GetNewReleases"/>
  <system-out/>
</testsuite> <!-- com.spotify.albums.GetNewReleases -->
