<?xml version="1.0" encoding="UTF-8"?>
<!-- Generated by org.testng.reporters.JUnitReportReporter -->
<testsuite hostname="TYSS-Abhishek" failures="0" tests="1" name="com.spotify.albums.EndToEndScript" time="5.309" errors="0" timestamp="2023-01-10T11:03:29 IST" skipped="0">
  <testcase classname="com.spotify.albums.EndToEndScript" name="endToEndScript" time="5.309"/>
  <system-out/>
</testsuite> <!-- com.spotify.albums.EndToEndScript -->
