<?xml version="1.0" encoding="UTF-8"?>
<!-- Generated by org.testng.reporters.JUnitReportReporter -->
<testsuite skipped="0" hostname="TYSS-Abhishek" name="com.spotify.tracks.GetTrack" tests="1" failures="0" timestamp="2023-01-07T20:50:17 IST" time="4.198" errors="0">
  <testcase name="getTrack" time="4.198" classname="com.spotify.tracks.GetTrack"/>
  <system-out/>
</testsuite> <!-- com.spotify.tracks.GetTrack -->
