<?xml version="1.0" encoding="UTF-8"?>
<!-- Generated by org.testng.reporters.JUnitReportReporter -->
<testsuite skipped="0" hostname="TYSS-Manjappa" name="com.spotify.playlist.TYSS_Playlists_AITP_001" tests="1" failures="0" timestamp="2023-01-25T11:58:36 IST" time="3.279" errors="0">
  <testcase name="TC_Playlists_AITP_001" time="3.279" classname="com.spotify.playlist.TYSS_Playlists_AITP_001"/>
  <system-out/>
</testsuite> <!-- com.spotify.playlist.TYSS_Playlists_AITP_001 -->
