<?xml version="1.0" encoding="UTF-8"?>
<!-- Generated by org.testng.reporters.JUnitReportReporter -->
<testsuite hostname="TYSS-Abhishek" failures="0" tests="1" name="com.spotify.shows.Shows_GUSS_011" time="5.636" errors="0" timestamp="2023-01-12T13:19:58 IST" skipped="0">
  <testcase classname="com.spotify.shows.Shows_GUSS_011" name="validateResponseContainsErrorWithWrongShowId" time="5.636"/>
  <system-out/>
</testsuite> <!-- com.spotify.shows.Shows_GUSS_011 -->
