<?xml version="1.0" encoding="UTF-8"?>
<!-- Generated by org.testng.reporters.JUnitReportReporter -->
<testsuite hostname="TYSS-Abhishek" failures="0" tests="1" name="com.spotify.shows.TYSS_Shows_RUSS_003" time="0.986" errors="0" timestamp="2023-01-16T19:18:10 IST" skipped="0">
  <testcase classname="com.spotify.shows.TYSS_Shows_RUSS_003" name="TC_TYSS_Shows_RUSS_003" time="0.986"/>
  <system-out/>
</testsuite> <!-- com.spotify.shows.TYSS_Shows_RUSS_003 -->
