<?xml version="1.0" encoding="UTF-8"?>
<!-- Generated by org.testng.reporters.JUnitReportReporter -->
<testsuite skipped="0" hostname="TYSS-Abhishek" name="com.spotify.shows.SaveShowsForUser" tests="1" failures="0" timestamp="2023-01-07T19:41:07 IST" time="2.660" errors="0">
  <testcase name="removeUsersSavedAlbums" time="2.660" classname="com.spotify.shows.SaveShowsForUser"/>
  <system-out/>
</testsuite> <!-- com.spotify.shows.SaveShowsForUser -->
