<?xml version="1.0" encoding="UTF-8"?>
<!-- Generated by org.testng.reporters.JUnitReportReporter -->
<testsuite skipped="0" hostname="TYSS-Abhishek" name="com.trello.checklist.GetACheckList" tests="1" failures="0" timestamp="2023-01-01T19:52:09 IST" time="4.458" errors="0">
  <testcase name="board" time="4.458" classname="com.trello.checklist.GetACheckList"/>
  <system-out/>
</testsuite> <!-- com.trello.checklist.GetACheckList -->
