<?xml version="1.0" encoding="UTF-8"?>
<!-- Generated by org.testng.reporters.JUnitReportReporter -->
<testsuite skipped="0" hostname="TYSS-Abhishek" name="com.spotify.albums.CheckUsersSavedAlbums" tests="1" failures="0" timestamp="2023-01-07T16:56:26 IST" time="1.568" errors="0">
  <testcase name="getAlbums" time="1.568" classname="com.spotify.albums.CheckUsersSavedAlbums"/>
  <system-out/>
</testsuite> <!-- com.spotify.albums.CheckUsersSavedAlbums -->
