<?xml version="1.0" encoding="UTF-8"?>
<!-- Generated by org.testng.reporters.JUnitReportReporter -->
<testsuite skipped="0" hostname="TYSS-Abhishek" name="com.spotify.player.GetPlaybackStatus" tests="1" failures="0" timestamp="2023-01-08T20:07:27 IST" time="2.889" errors="0">
  <testcase name="getUsersTopItem" time="2.889" classname="com.spotify.player.GetPlaybackStatus"/>
  <system-out/>
</testsuite> <!-- com.spotify.player.GetPlaybackStatus -->
