<?xml version="1.0" encoding="UTF-8"?>
<!-- Generated by org.testng.reporters.JUnitReportReporter -->
<testsuite hostname="LAPTOP-RAB3K5J6" failures="0" tests="1" name="com.spotify.categories.TYSS_Categories_GSIBC_002" time="2.796" errors="0" timestamp="2023-01-17T10:26:42 IST" skipped="0">
  <testcase classname="com.spotify.categories.TYSS_Categories_GSIBC_002" name="TC_TYSS_Categories_GSIBC_002" time="2.796"/>
  <system-out/>
</testsuite> <!-- com.spotify.categories.TYSS_Categories_GSIBC_002 -->
