<?xml version="1.0" encoding="UTF-8"?>
<!-- Generated by org.testng.reporters.JUnitReportReporter -->
<testsuite hostname="TYSS-Abhishek" failures="0" tests="1" name="com.spotify.tracks.TYSS_Tracks_GST_004" time="0.924" errors="0" timestamp="2023-01-16T19:18:11 IST" skipped="0">
  <testcase classname="com.spotify.tracks.TYSS_Tracks_GST_004" name="TC_TYSS_Tracks_GST_004" time="0.924"/>
  <system-out/>
</testsuite> <!-- com.spotify.tracks.TYSS_Tracks_GST_004 -->
