<?xml version="1.0" encoding="UTF-8"?>
<!-- Generated by org.testng.reporters.JUnitReportReporter -->
<testsuite skipped="0" hostname="TYSS-Abhishek" name="com.spotify.playlist.ChangePlaylistDetails" tests="1" failures="0" timestamp="2023-01-07T22:10:26 IST" time="3.077" errors="0">
  <testcase name="getPlaylist" time="3.077" classname="com.spotify.playlist.ChangePlaylistDetails"/>
  <system-out/>
</testsuite> <!-- com.spotify.playlist.ChangePlaylistDetails -->
