<?xml version="1.0" encoding="UTF-8"?>
<!-- Generated by org.testng.reporters.JUnitReportReporter -->
<testsuite hostname="TYSS-Abhishek" failures="0" tests="1" name="com.spotify.shows.Shows_GA_001" time="6.281" errors="0" timestamp="2023-01-12T10:38:40 IST" skipped="0">
  <testcase classname="com.spotify.shows.Shows_GA_001" name="validateResponseShouldHaveOnlyOneShowId" time="6.281"/>
  <system-out/>
</testsuite> <!-- com.spotify.shows.Shows_GA_001 -->
