<?xml version="1.0" encoding="UTF-8"?>
<!-- Generated by org.testng.reporters.JUnitReportReporter -->
<testsuite skipped="0" hostname="TYSS-Manjappa" name="com.tyss.reqres.testscripts.Delete" tests="1" failures="0" timestamp="2022-12-27T16:46:05 IST" time="3.328" errors="0">
  <testcase name="update" time="3.328" classname="com.tyss.reqres.testscripts.Delete"/>
  <system-out/>
</testsuite> <!-- com.tyss.reqres.testscripts.Delete -->
