<?xml version="1.0" encoding="UTF-8"?>
<!-- Generated by org.testng.reporters.JUnitReportReporter -->
<testsuite skipped="0" hostname="TYSS-Manjappa" name="com.tyss.reqres.testscripts.SingleResourcenotFound" tests="1" failures="0" timestamp="2022-12-27T16:31:13 IST" time="2.154" errors="0">
  <testcase name="getusers" time="2.154" classname="com.tyss.reqres.testscripts.SingleResourcenotFound"/>
  <system-out/>
</testsuite> <!-- com.tyss.reqres.testscripts.SingleResourcenotFound -->
