<?xml version="1.0" encoding="UTF-8"?>
<!-- Generated by org.testng.reporters.JUnitReportReporter -->
<testsuite skipped="0" hostname="TYSS-Abhishek" name="com.spotify.episodes.GetSeveralEpisodes" tests="1" failures="0" timestamp="2023-01-07T20:01:05 IST" time="2.905" errors="0">
  <testcase name="getAlbum" time="2.905" classname="com.spotify.episodes.GetSeveralEpisodes"/>
  <system-out/>
</testsuite> <!-- com.spotify.episodes.GetSeveralEpisodes -->
