<?xml version="1.0" encoding="UTF-8"?>
<!-- Generated by org.testng.reporters.JUnitReportReporter -->
<testsuite skipped="0" hostname="TYSS-Abhishek" name="com.trello.boards.testscripts.GetaBoard" tests="1" failures="0" timestamp="2023-01-01T20:04:15 IST" time="5.202" errors="0">
  <testcase name="board" time="5.202" classname="com.trello.boards.testscripts.GetaBoard"/>
  <system-out/>
</testsuite> <!-- com.trello.boards.testscripts.GetaBoard -->
