<?xml version="1.0" encoding="UTF-8"?>
<!-- Generated by org.testng.reporters.JUnitReportReporter -->
<testsuite skipped="0" hostname="TYSS-Abhishek" name="com.trello.endtoendscripts.CreateABoardUpdateDelete" tests="1" failures="0" timestamp="2022-12-30T09:33:43 IST" time="9.189" errors="0">
  <testcase name="createBoardUpdateDelete" time="9.189" classname="com.trello.endtoendscripts.CreateABoardUpdateDelete"/>
  <system-out/>
</testsuite> <!-- com.trello.endtoendscripts.CreateABoardUpdateDelete -->
