<?xml version="1.0" encoding="UTF-8"?>
<!-- Generated by org.testng.reporters.JUnitReportReporter -->
<testsuite hostname="TYSS-Abhishek" failures="0" tests="1" name="com.spotify.albums.Albums_GAS_005" time="2.905" errors="0" timestamp="2023-01-13T12:11:13 IST" skipped="0">
  <testcase classname="com.spotify.albums.Albums_GAS_005" name="TC_Albums_GAS_005" time="2.905"/>
  <system-out/>
</testsuite> <!-- com.spotify.albums.Albums_GAS_005 -->
