<?xml version="1.0" encoding="UTF-8"?>
<!-- Generated by org.testng.reporters.JUnitReportReporter -->
<testsuite hostname="LAPTOP-RAB3K5J6" failures="0" tests="1" name="com.spotify.search.TYSS_Search_SFI_006" time="2.733" errors="0" timestamp="2023-01-17T10:32:48 IST" skipped="0">
  <testcase classname="com.spotify.search.TYSS_Search_SFI_006" name="TC_TYSS_Search_SFI_006" time="2.733"/>
  <system-out/>
</testsuite> <!-- com.spotify.search.TYSS_Search_SFI_006 -->
