<?xml version="1.0" encoding="UTF-8"?>
<!-- Generated by org.testng.reporters.JUnitReportReporter -->
<testsuite skipped="0" hostname="TYSS-Abhishek" name="com.trello.cards.DeleteACard" tests="1" failures="0" timestamp="2023-01-01T20:11:02 IST" time="4.303" errors="0">
  <testcase name="delete" time="4.303" classname="com.trello.cards.DeleteACard"/>
  <system-out/>
</testsuite> <!-- com.trello.cards.DeleteACard -->
