<?xml version="1.0" encoding="UTF-8"?>
<!-- Generated by org.testng.reporters.JUnitReportReporter -->
<testsuite skipped="0" hostname="TYSS-Abhishek" name="com.trello.list.UpdateAList" tests="1" failures="0" timestamp="2023-01-01T20:46:29 IST" time="5.926" errors="0">
  <testcase name="updateList" time="5.926" classname="com.trello.list.UpdateAList"/>
  <system-out/>
</testsuite> <!-- com.trello.list.UpdateAList -->
