<?xml version="1.0" encoding="UTF-8"?>
<!-- Generated by org.testng.reporters.JUnitReportReporter -->
<testsuite hostname="TYSS-Abhishek" failures="0" tests="1" name="com.spotify.shows.Shows_GS_004" time="2.808" errors="0" timestamp="2023-01-13T11:59:28 IST" skipped="0">
  <testcase classname="com.spotify.shows.Shows_GS_004" name="TC_Shows_GS_004" time="2.808"/>
  <system-out/>
</testsuite> <!-- com.spotify.shows.Shows_GS_004 -->
