<?xml version="1.0" encoding="UTF-8"?>
<!-- Generated by org.testng.reporters.JUnitReportReporter -->
<testsuite skipped="0" hostname="TYSS-Abhishek" name="com.trello.entoendscripts.CreateBoardAddListCardAndDelete" tests="1" failures="0" timestamp="2022-12-29T15:42:33 IST" time="11.399" errors="0">
  <testcase name="createBoardAndDeleteBoard" time="11.399" classname="com.trello.entoendscripts.CreateBoardAddListCardAndDelete"/>
  <system-out/>
</testsuite> <!-- com.trello.entoendscripts.CreateBoardAddListCardAndDelete -->
