<?xml version="1.0" encoding="UTF-8"?>
<!-- Generated by org.testng.reporters.JUnitReportReporter -->
<testsuite hostname="TYSS-Abhishek" failures="0" tests="1" name="com.spotify.tracks.Tracks_GST_001" time="7.088" errors="0" timestamp="2023-01-13T16:24:10 IST" skipped="0">
  <testcase classname="com.spotify.tracks.Tracks_GST_001" name="TC_Tracks_GST_001" time="7.088"/>
  <system-out/>
</testsuite> <!-- com.spotify.tracks.Tracks_GST_001 -->
