<?xml version="1.0" encoding="UTF-8"?>
<!-- Generated by org.testng.reporters.JUnitReportReporter -->
<testsuite skipped="0" hostname="TYSS-Manjappa" name="com.spotify.users.TYSS_Users_FP_002" tests="1" failures="0" timestamp="2023-01-25T11:55:38 IST" time="3.710" errors="0">
  <testcase name="TC_Users_FP_002" time="3.710" classname="com.spotify.users.TYSS_Users_FP_002"/>
  <system-out/>
</testsuite> <!-- com.spotify.users.TYSS_Users_FP_002 -->
