<?xml version="1.0" encoding="UTF-8"?>
<!-- Generated by org.testng.reporters.JUnitReportReporter -->
<testsuite skipped="0" hostname="TYSS-Abhishek" name="com.spotify.artists.GetSevaralArtists" tests="1" failures="0" timestamp="2023-01-07T18:42:13 IST" time="1.643" errors="0">
  <testcase name="getSevaralArtists" time="1.643" classname="com.spotify.artists.GetSevaralArtists"/>
  <system-out/>
</testsuite> <!-- com.spotify.artists.GetSevaralArtists -->
