<?xml version="1.0" encoding="UTF-8"?>
<!-- Generated by org.testng.reporters.JUnitReportReporter -->
<testsuite skipped="0" hostname="TYSS-Abhishek" name="com.spotify.tracks.CheckUserSavedTracks" tests="1" failures="0" timestamp="2023-01-07T20:38:29 IST" time="2.899" errors="0">
  <testcase name="getUserSavedTracks" time="2.899" classname="com.spotify.tracks.CheckUserSavedTracks"/>
  <system-out/>
</testsuite> <!-- com.spotify.tracks.CheckUserSavedTracks -->
