<?xml version="1.0" encoding="UTF-8"?>
<!-- Generated by org.testng.reporters.JUnitReportReporter -->
<testsuite skipped="0" hostname="TYSS-Abhishek" name="com.spotify.tracks.RemoveUserSavedTracks" tests="1" failures="0" timestamp="2023-01-07T20:37:10 IST" time="2.900" errors="0">
  <testcase name="saveTrackForUser" time="2.900" classname="com.spotify.tracks.RemoveUserSavedTracks"/>
  <system-out/>
</testsuite> <!-- com.spotify.tracks.RemoveUserSavedTracks -->
