<?xml version="1.0" encoding="UTF-8"?>
<!-- Generated by org.testng.reporters.JUnitReportReporter -->
<testsuite skipped="0" hostname="TYSS-Manjappa" name="com.tyss.reqres.testscripts.SingleResource" tests="1" failures="0" timestamp="2022-12-27T17:36:45 IST" time="2.135" errors="0">
  <testcase name="singleresorce" time="2.135" classname="com.tyss.reqres.testscripts.SingleResource"/>
  <system-out/>
</testsuite> <!-- com.tyss.reqres.testscripts.SingleResource -->
