<?xml version="1.0" encoding="UTF-8"?>
<!-- Generated by org.testng.reporters.JUnitReportReporter -->
<testsuite skipped="0" hostname="TYSS-Abhishek" name="com.trello.boards.testscripts.GetFieldonboard" tests="1" failures="0" timestamp="2022-12-29T19:07:29 IST" time="3.813" errors="0">
  <testcase name="getfield" time="3.813" classname="com.trello.boards.testscripts.GetFieldonboard"/>
  <system-out/>
</testsuite> <!-- com.trello.boards.testscripts.GetFieldonboard -->
