<?xml version="1.0" encoding="UTF-8"?>
<!-- Generated by org.testng.reporters.JUnitReportReporter -->
<testsuite skipped="0" hostname="user" name="com.trello.android.testscripts.Test1" tests="1" failures="0" timestamp="2022-05-18T18:29:45 IST" time="65.014" errors="0">
  <testcase name="test" time="65.014" classname="com.trello.android.testscripts.Test1"/>
  <system-out/>
</testsuite> <!-- com.trello.android.testscripts.Test1 -->
