<?xml version="1.0" encoding="UTF-8"?>
<!-- Generated by org.testng.reporters.JUnitReportReporter -->
<testsuite hostname="TYSS-Abhishek" failures="0" tests="1" name="com.spotify.shows.Shows_RUSS_002" time="2.755" errors="0" timestamp="2023-01-13T12:04:21 IST" skipped="0">
  <testcase classname="com.spotify.shows.Shows_RUSS_002" name="TC_Shows_RUSS_002" time="2.755"/>
  <system-out/>
</testsuite> <!-- com.spotify.shows.Shows_RUSS_002 -->
