<?xml version="1.0" encoding="UTF-8"?>
<!-- Generated by org.testng.reporters.JUnitReportReporter -->
<testsuite skipped="0" hostname="TYSS-Manjappa" name="com.tyss.reqres.testscripts.Create" tests="1" failures="0" timestamp="2022-12-27T16:23:59 IST" time="2.318" errors="0">
  <testcase name="create" time="2.318" classname="com.tyss.reqres.testscripts.Create"/>
  <system-out/>
</testsuite> <!-- com.tyss.reqres.testscripts.Create -->
