<?xml version="1.0" encoding="UTF-8"?>
<!-- Generated by org.testng.reporters.JUnitReportReporter -->
<testsuite skipped="0" hostname="TYSS-Abhishek" name="com.trello.search.SearchTrello" tests="1" failures="0" timestamp="2023-01-02T10:55:24 IST" time="4.260" errors="0">
  <testcase name="getALabel" time="4.260" classname="com.trello.search.SearchTrello"/>
  <system-out/>
</testsuite> <!-- com.trello.search.SearchTrello -->
