<?xml version="1.0" encoding="UTF-8"?>
<!-- Generated by org.testng.reporters.JUnitReportReporter -->
<testsuite hostname="DESKTOP-E80DE1T" failures="0" tests="1" name="com.trello.android.testscripts.Test2" time="0.003" errors="0" timestamp="02 Nov 2021 07:26:52 GMT" skipped="0">
  <testcase classname="com.trello.android.testscripts.Test2" name="test2" time="0.003"/>
</testsuite> <!-- com.trello.android.testscripts.Test2 -->
