<?xml version="1.0" encoding="UTF-8"?>
<!-- Generated by org.testng.reporters.JUnitReportReporter -->
<testsuite skipped="0" hostname="TYSS-Abhishek" name="com.spotify.playlist.GetPlayListItem" tests="1" failures="0" timestamp="2023-01-07T22:13:45 IST" time="2.983" errors="0">
  <testcase name="getPlaylist" time="2.983" classname="com.spotify.playlist.GetPlayListItem"/>
  <system-out/>
</testsuite> <!-- com.spotify.playlist.GetPlayListItem -->
