<?xml version="1.0" encoding="UTF-8"?>
<!-- Generated by org.testng.reporters.JUnitReportReporter -->
<<<<<<< HEAD
<testsuite hostname="TYSS-Abhishek" failures="0" tests="1" name="com.spotify.tracks.TYSS_Tracks_GST_001" time="0.978" errors="0" timestamp="2023-01-16T19:18:11 IST" skipped="0">
  <testcase classname="com.spotify.tracks.TYSS_Tracks_GST_001" name="TC_TYSS_Tracks_GST_001" time="0.978"/>
=======
<testsuite hostname="TYSS-Bredlin" failures="0" tests="1" name="com.spotify.tracks.TYSS_Tracks_GST_001" time="3.270" errors="0" timestamp="2023-01-17T10:36:00 IST" skipped="0">
  <testcase classname="com.spotify.tracks.TYSS_Tracks_GST_001" name="TC_TYSS_Tracks_GST_001" time="3.270"/>
>>>>>>> 8e0d3ef0b7add269c37806a385031acbe0f09dab
  <system-out/>
</testsuite> <!-- com.spotify.tracks.TYSS_Tracks_GST_001 -->
