<?xml version="1.0" encoding="UTF-8"?>
<!-- Generated by org.testng.reporters.JUnitReportReporter -->
<testsuite hostname="TYSS-Abhishek" failures="0" tests="1" name="com.spotify.tracks.Tracks_GUST_001" time="5.882" errors="0" timestamp="2023-01-13T16:22:32 IST" skipped="0">
  <testcase classname="com.spotify.tracks.Tracks_GUST_001" name="TC_Tracks_GUST_001" time="5.882"/>
  <system-out/>
</testsuite> <!-- com.spotify.tracks.Tracks_GUST_001 -->
