<?xml version="1.0" encoding="UTF-8"?>
<!-- Generated by org.testng.reporters.JUnitReportReporter -->
<testsuite skipped="0" hostname="TYSS-Abhishek" name="com.spotify.player.GetCurrentlyPlayingTrack" tests="1" failures="0" timestamp="2023-01-08T20:10:05 IST" time="3.104" errors="0">
  <testcase name="getUsersTopItem" time="3.104" classname="com.spotify.player.GetCurrentlyPlayingTrack"/>
  <system-out/>
</testsuite> <!-- com.spotify.player.GetCurrentlyPlayingTrack -->
