<?xml version="1.0" encoding="UTF-8"?>
<!-- Generated by org.testng.reporters.JUnitReportReporter -->
<testsuite skipped="0" hostname="user" name="com.trello.android.testscripts.VaastuCheck" tests="1" failures="0" timestamp="2022-06-16T00:11:33 IST" time="45.204" errors="0">
  <testcase name="TC_TYSS_TBD_001" time="45.204" classname="com.trello.android.testscripts.VaastuCheck"/>
  <system-out/>
</testsuite> <!-- com.trello.android.testscripts.VaastuCheck -->
