<?xml version="1.0" encoding="UTF-8"?>
<!-- Generated by org.testng.reporters.JUnitReportReporter -->
<testsuite skipped="0" hostname="TYSS-Manjappa" name="com.spotify.playlist.TYSS_TC_Playlists_CPD_003" tests="1" failures="0" timestamp="2023-01-17T10:10:03 IST" time="6.517" errors="0">
  <testcase name="TC_Playlists_CPD_003" time="6.517" classname="com.spotify.playlist.TYSS_TC_Playlists_CPD_003"/>
  <system-out/>
</testsuite> <!-- com.spotify.playlist.TYSS_TC_Playlists_CPD_003 -->
