<?xml version="1.0" encoding="UTF-8"?>
<!-- Generated by org.testng.reporters.JUnitReportReporter -->
<testsuite skipped="0" hostname="TYSS-Abhishek" name="com.trello.checklist.UpdateCheckList" tests="1" failures="0" timestamp="2023-01-01T19:56:14 IST" time="5.193" errors="0">
  <testcase name="checklist" time="5.193" classname="com.trello.checklist.UpdateCheckList"/>
  <system-out/>
</testsuite> <!-- com.trello.checklist.UpdateCheckList -->
