<?xml version="1.0" encoding="UTF-8"?>
<!-- Generated by org.testng.reporters.JUnitReportReporter -->
<<<<<<< HEAD
<testsuite hostname="TYSS-Abhishek" failures="1" tests="1" name="com.spotify.albums.TYSS_Albums_CUSA_001" time="7.523" errors="0" timestamp="2023-01-16T18:06:01 IST" skipped="0">
  <testcase classname="com.spotify.albums.TYSS_Albums_CUSA_001" name="TC_TYSS_Albums_CUSA_001" time="7.523">
    <failure message="Expected body value: null is not present in the Actual body Value" type="junit.framework.AssertionFailedError">
      <![CDATA[junit.framework.AssertionFailedError: Expected body value: null is not present in the Actual body Value
at junit.framework.Assert.fail(Assert.java:50)
at com.spotify.utils.ApiActionUtil.verifyContents(ApiActionUtil.java:1276)
at com.spotify.albums.TYSS_Albums_CUSA_001.TC_TYSS_Albums_CUSA_001(TYSS_Albums_CUSA_001.java:42)
at java.base/jdk.internal.reflect.NativeMethodAccessorImpl.invoke0(Native Method)
at java.base/jdk.internal.reflect.NativeMethodAccessorImpl.invoke(NativeMethodAccessorImpl.java:62)
at java.base/jdk.internal.reflect.DelegatingMethodAccessorImpl.invoke(DelegatingMethodAccessorImpl.java:43)
at java.base/java.lang.reflect.Method.invoke(Method.java:566)
at org.testng.internal.MethodInvocationHelper.invokeMethod(MethodInvocationHelper.java:133)
at org.testng.internal.TestInvoker.invokeMethod(TestInvoker.java:598)
at org.testng.internal.TestInvoker.invokeTestMethod(TestInvoker.java:173)
at org.testng.internal.MethodRunner.runInSequence(MethodRunner.java:46)
at org.testng.internal.TestInvoker$MethodInvocationAgent.invoke(TestInvoker.java:824)
at org.testng.internal.TestInvoker.invokeTestMethods(TestInvoker.java:146)
at org.testng.internal.TestMethodWorker.invokeTestMethods(TestMethodWorker.java:146)
at org.testng.internal.TestMethodWorker.run(TestMethodWorker.java:128)
at java.base/java.util.ArrayList.forEach(ArrayList.java:1541)
at org.testng.TestRunner.privateRun(TestRunner.java:794)
at org.testng.TestRunner.run(TestRunner.java:596)
at org.testng.SuiteRunner.runTest(SuiteRunner.java:377)
at org.testng.SuiteRunner.runSequentially(SuiteRunner.java:371)
at org.testng.SuiteRunner.privateRun(SuiteRunner.java:332)
at org.testng.SuiteRunner.run(SuiteRunner.java:276)
at org.testng.SuiteRunnerWorker.runSuite(SuiteRunnerWorker.java:53)
at org.testng.SuiteRunnerWorker.run(SuiteRunnerWorker.java:96)
at org.testng.TestNG.runSuitesSequentially(TestNG.java:1212)
at org.testng.TestNG.runSuitesLocally(TestNG.java:1134)
at org.testng.TestNG.runSuites(TestNG.java:1063)
at org.testng.TestNG.run(TestNG.java:1031)
at org.testng.remote.AbstractRemoteTestNG.run(AbstractRemoteTestNG.java:115)
at org.testng.remote.RemoteTestNG.initAndRun(RemoteTestNG.java:251)
at org.testng.remote.RemoteTestNG.main(RemoteTestNG.java:77)
]]>
    </failure>
  </testcase> <!-- TC_TYSS_Albums_CUSA_001 -->
=======
<testsuite hostname="TYSS-Bredlin" failures="0" tests="1" name="com.spotify.albums.TYSS_Albums_CUSA_001" time="3.220" errors="0" timestamp="2023-01-27T10:29:55 IST" skipped="0">
  <testcase classname="com.spotify.albums.TYSS_Albums_CUSA_001" name="TC_TYSS_Albums_CUSA_001" time="3.220"/>
>>>>>>> 8e0d3ef0b7add269c37806a385031acbe0f09dab
  <system-out/>
</testsuite> <!-- com.spotify.albums.TYSS_Albums_CUSA_001 -->
