<?xml version="1.0" encoding="UTF-8"?>
<!-- Generated by org.testng.reporters.JUnitReportReporter -->
<testsuite hostname="TYSS-Abhishek" failures="0" tests="1" name="com.spotify.albums.TYSS_Albums_GAS_005" time="1.005" errors="0" timestamp="2023-01-16T19:18:10 IST" skipped="0">
  <testcase classname="com.spotify.albums.TYSS_Albums_GAS_005" name="TC_TYSS_Albums_GAS_005" time="1.005"/>
  <system-out/>
</testsuite> <!-- com.spotify.albums.TYSS_Albums_GAS_005 -->
