<?xml version="1.0" encoding="UTF-8"?>
<!-- Generated by org.testng.reporters.JUnitReportReporter -->
<testsuite hostname="TYSS-Bredlin" failures="0" tests="1" name="com.spotify.albums.TYSS_Albums_CUSA_002" time="2.800" errors="0" timestamp="2023-01-25T10:40:18 IST" skipped="0">
  <testcase classname="com.spotify.albums.TYSS_Albums_CUSA_002" name="TC_TYSS_Albums_CUSA_002" time="2.800"/>
  <system-out/>
</testsuite> <!-- com.spotify.albums.TYSS_Albums_CUSA_002 -->
