<?xml version="1.0" encoding="UTF-8"?>
<!-- Generated by org.testng.reporters.JUnitReportReporter -->
<testsuite skipped="0" hostname="user" name="com.trello.android.testscripts.ReadyMadePlans" tests="1" failures="0" timestamp="2022-06-14T10:22:07 IST" time="69.841" errors="0">
  <testcase name="TC_TYSS_TBD_001" time="69.841" classname="com.trello.android.testscripts.ReadyMadePlans"/>
  <system-out/>
</testsuite> <!-- com.trello.android.testscripts.ReadyMadePlans -->
