<?xml version="1.0" encoding="UTF-8"?>
<!-- Generated by org.testng.reporters.JUnitReportReporter -->
<testsuite skipped="0" hostname="DESKTOP-7UUT0JG" name="com.spotify.artists.TYSS_TC_Artists_GARA_002" tests="1" failures="0" timestamp="2023-01-16T17:54:29 IST" time="5.752" errors="0">
  <testcase name="TC_Artists_GARA_002" time="5.752" classname="com.spotify.artists.TYSS_TC_Artists_GARA_002"/>
  <system-out/>
</testsuite> <!-- com.spotify.artists.TYSS_TC_Artists_GARA_002 -->
