<?xml version="1.0" encoding="UTF-8"?>
<!-- Generated by org.testng.reporters.JUnitReportReporter -->
<testsuite skipped="0" hostname="TYSS-Abhishek" name="com.trello.checklist.GetTheBoardChecklistIsOn" tests="1" failures="0" timestamp="2023-01-02T13:38:20 IST" time="4.673" errors="0">
  <testcase name="getFields" time="4.673" classname="com.trello.checklist.GetTheBoardChecklistIsOn"/>
  <system-out/>
</testsuite> <!-- com.trello.checklist.GetTheBoardChecklistIsOn -->
