<?xml version="1.0" encoding="UTF-8"?>
<!-- Generated by org.testng.reporters.JUnitReportReporter -->
<testsuite skipped="0" hostname="TYSS-Abhishek" name="com.spotify.shows.GetUserSavedShows" tests="1" failures="0" timestamp="2023-01-07T19:35:27 IST" time="2.792" errors="0">
  <testcase name="getUserSavedShows" time="2.792" classname="com.spotify.shows.GetUserSavedShows"/>
  <system-out/>
</testsuite> <!-- com.spotify.shows.GetUserSavedShows -->
