<?xml version="1.0" encoding="UTF-8"?>
<!-- Generated by org.testng.reporters.JUnitReportReporter -->
<testsuite hostname="TYSS-Abhishek" failures="0" tests="1" name="com.spotify.authorizations.ReneweToken" time="5.733" errors="0" timestamp="2023-01-11T15:26:45 IST" skipped="0">
  <testcase classname="com.spotify.authorizations.ReneweToken" name="getToken" time="5.733"/>
  <system-out/>
</testsuite> <!-- com.spotify.authorizations.ReneweToken -->
