<?xml version="1.0" encoding="UTF-8"?>
<!-- Generated by org.testng.reporters.JUnitReportReporter -->
<testsuite skipped="0" hostname="TYSS-Abhishek" name="com.trello.cards.GetTheBoardTheCardIsOn" tests="1" failures="0" timestamp="2023-01-02T12:51:01 IST" time="2.327" errors="0">
  <testcase name="getFields" time="2.327" classname="com.trello.cards.GetTheBoardTheCardIsOn"/>
  <system-out/>
</testsuite> <!-- com.trello.cards.GetTheBoardTheCardIsOn -->
