<?xml version="1.0" encoding="UTF-8"?>
<!-- Generated by org.testng.reporters.JUnitReportReporter -->
<testsuite skipped="0" hostname="user" name="com.trello.android.testscripts.UtecPartner" tests="1" failures="0" timestamp="2022-05-28T20:47:14 IST" time="0.457" errors="0">
  <testcase name="TC_TYSS_TBD_001" time="0.457" classname="com.trello.android.testscripts.UtecPartner"/>
  <system-out/>
</testsuite> <!-- com.trello.android.testscripts.UtecPartner -->
