<?xml version="1.0" encoding="UTF-8"?>
<!-- Generated by org.testng.reporters.JUnitReportReporter -->
<testsuite skipped="0" hostname="TYSS-Abhishek" name="com.spotify.tracks.GetMultipleSongAudioFeature" tests="1" failures="0" timestamp="2023-01-07T20:42:55 IST" time="3.096" errors="0">
  <testcase name="getUserSavedTracks" time="3.096" classname="com.spotify.tracks.GetMultipleSongAudioFeature"/>
  <system-out/>
</testsuite> <!-- com.spotify.tracks.GetMultipleSongAudioFeature -->
