<?xml version="1.0" encoding="UTF-8"?>
<!-- Generated by org.testng.reporters.JUnitReportReporter -->
<testsuite skipped="0" hostname="TYSS-Abhishek" name="com.trello.search.Emoji" tests="1" failures="0" timestamp="2023-01-02T10:37:55 IST" time="5.268" errors="0">
  <testcase name="emoji" time="5.268" classname="com.trello.search.Emoji"/>
  <system-out/>
</testsuite> <!-- com.trello.search.Emoji -->
