<?xml version="1.0" encoding="UTF-8"?>
<!-- Generated by org.testng.reporters.JUnitReportReporter -->
<testsuite skipped="0" hostname="TYSS-Abhishek" name="com.trello.boards.testscripts.DleteBoard" tests="1" failures="0" timestamp="2022-12-29T19:23:57 IST" time="4.657" errors="0">
  <testcase name="delete" time="4.657" classname="com.trello.boards.testscripts.DleteBoard"/>
  <system-out/>
</testsuite> <!-- com.trello.boards.testscripts.DleteBoard -->
