<?xml version="1.0" encoding="UTF-8"?>
<!-- Generated by org.testng.reporters.JUnitReportReporter -->
<testsuite skipped="0" hostname="TYSS-Abhishek" name="com.trello.boards.testscripts.UpdateaBoard" tests="1" failures="0" timestamp="2022-12-29T20:30:55 IST" time="7.363" errors="0">
  <testcase name="updateaBoard" time="7.363" classname="com.trello.boards.testscripts.UpdateaBoard"/>
  <system-out/>
</testsuite> <!-- com.trello.boards.testscripts.UpdateaBoard -->
