<?xml version="1.0" encoding="UTF-8"?>
<!-- Generated by org.testng.reporters.JUnitReportReporter -->
<testsuite hostname="TYSS-Bredlin" failures="0" tests="1" name="com.spotify.shows.TYSS_Shows_GSS_004" time="2.608" errors="0" timestamp="2023-01-25T11:04:10 IST" skipped="0">
  <testcase classname="com.spotify.shows.TYSS_Shows_GSS_004" name="TC_TYSS_Shows_GSS_004" time="2.608"/>
  <system-out/>
</testsuite> <!-- com.spotify.shows.TYSS_Shows_GSS_004 -->
