<?xml version="1.0" encoding="UTF-8"?>
<!-- Generated by org.testng.reporters.JUnitReportReporter -->
<testsuite skipped="0" hostname="TYSS-Abhishek" name="com.spotify.shows.CheckUserSavedShows" tests="1" failures="0" timestamp="2023-01-07T19:48:38 IST" time="3.174" errors="0">
  <testcase name="getUserSavedShows" time="3.174" classname="com.spotify.shows.CheckUserSavedShows"/>
  <system-out/>
</testsuite> <!-- com.spotify.shows.CheckUserSavedShows -->
