<?xml version="1.0" encoding="UTF-8"?>
<!-- Generated by org.testng.reporters.JUnitReportReporter -->
<testsuite skipped="0" hostname="TYSS-Manjappa" name="com.spotify.users.TYSS_Users_GFA_001" tests="1" failures="0" timestamp="2023-01-25T11:56:48 IST" time="3.649" errors="0">
  <testcase name="TC_Users_GFA_001" time="3.649" classname="com.spotify.users.TYSS_Users_GFA_001"/>
  <system-out/>
</testsuite> <!-- com.spotify.users.TYSS_Users_GFA_001 -->
