<?xml version="1.0" encoding="UTF-8"?>
<!-- Generated by org.testng.reporters.JUnitReportReporter -->
<testsuite hostname="TYSS-Abhishek" failures="0" tests="1" name="com.spotify.albums.Albums_RUSA_001" time="2.728" errors="0" timestamp="2023-01-13T11:56:25 IST" skipped="0">
  <testcase classname="com.spotify.albums.Albums_RUSA_001" name="TC_Albums_RUSA_001" time="2.728"/>
  <system-out/>
</testsuite> <!-- com.spotify.albums.Albums_RUSA_001 -->
