<?xml version="1.0" encoding="UTF-8"?>
<!-- Generated by org.testng.reporters.JUnitReportReporter -->
<testsuite hostname="TYSS-Abhishek" failures="0" tests="1" name="com.spotify.shows.Shows_GUSS_002" time="2.758" errors="0" timestamp="2023-01-13T12:01:58 IST" skipped="0">
  <testcase classname="com.spotify.shows.Shows_GUSS_002" name="TC_Shows_GUSS_002" time="2.758"/>
  <system-out/>
</testsuite> <!-- com.spotify.shows.Shows_GUSS_002 -->
