<?xml version="1.0" encoding="UTF-8"?>
<!-- Generated by org.testng.reporters.JUnitReportReporter -->
<testsuite hostname="TYSS-Bredlin" failures="0" tests="1" name="com.spotify.tracks.TYSS_Tracks_GT_004" time="2.661" errors="0" timestamp="2023-01-17T10:39:31 IST" skipped="0">
  <testcase classname="com.spotify.tracks.TYSS_Tracks_GT_004" name="TC_TYSS_Tracks_GT_004" time="2.661"/>
  <system-out/>
</testsuite> <!-- com.spotify.tracks.TYSS_Tracks_GT_004 -->
