<?xml version="1.0" encoding="UTF-8"?>
<!-- Generated by org.testng.reporters.JUnitReportReporter -->
<testsuite hostname="TYSS-Abhishek" failures="0" tests="1" name="com.spotify.shows.Shows_GUSS_010" time="6.201" errors="0" timestamp="2023-01-12T13:17:44 IST" skipped="0">
  <testcase classname="com.spotify.shows.Shows_GUSS_010" name="validateResponseContainsErrorWithWrongShowId" time="6.201"/>
  <system-out/>
</testsuite> <!-- com.spotify.shows.Shows_GUSS_010 -->
