<?xml version="1.0" encoding="UTF-8"?>
<!-- Generated by org.testng.reporters.JUnitReportReporter -->
<testsuite skipped="0" hostname="TYSS-Abhishek" name="com.trello.checklist.CreateACheckList" tests="1" failures="0" timestamp="2023-01-02T12:58:20 IST" time="2.927" errors="0">
  <testcase name="createChecklist" time="2.927" classname="com.trello.checklist.CreateACheckList"/>
  <system-out/>
</testsuite> <!-- com.trello.checklist.CreateACheckList -->
