<?xml version="1.0" encoding="UTF-8"?>
<!-- Generated by org.testng.reporters.JUnitReportReporter -->
<testsuite skipped="0" hostname="TYSS-Manjappa" name="com.spotify.users.TYSS_Users_FA_001" tests="1" failures="0" timestamp="2023-01-25T11:54:21 IST" time="3.607" errors="0">
  <testcase name="TC_Users_FA_001" time="3.607" classname="com.spotify.users.TYSS_Users_FA_001"/>
  <system-out/>
</testsuite> <!-- com.spotify.users.TYSS_Users_FA_001 -->
