<?xml version="1.0" encoding="UTF-8"?>
<!-- Generated by org.testng.reporters.JUnitReportReporter -->
<testsuite skipped="0" hostname="TYSS-Abhishek" name="com.spotify.albums.GetAlbums" tests="1" failures="0" timestamp="2023-01-07T16:32:01 IST" time="2.509" errors="0">
  <testcase name="getAlbums" time="2.509" classname="com.spotify.albums.GetAlbums"/>
  <system-out/>
</testsuite> <!-- com.spotify.albums.GetAlbums -->
