<?xml version="1.0" encoding="UTF-8"?>
<!-- Generated by org.testng.reporters.JUnitReportReporter -->
<testsuite skipped="0" hostname="TYSS-Abhishek" name="com.trello.cards.CreateNewCard" tests="1" failures="0" timestamp="2023-01-01T20:33:51 IST" time="4.322" errors="0">
  <testcase name="createNewCard" time="4.322" classname="com.trello.cards.CreateNewCard"/>
  <system-out/>
</testsuite> <!-- com.trello.cards.CreateNewCard -->
