<?xml version="1.0" encoding="UTF-8"?>
<!-- Generated by org.testng.reporters.JUnitReportReporter -->
<testsuite skipped="0" hostname="TYSS-Manjappa" name="com.tyss.reqres.testscripts.ListResource" tests="1" failures="0" timestamp="2022-12-27T15:35:30 IST" time="4.053" errors="0">
  <testcase name="listresource" time="4.053" classname="com.tyss.reqres.testscripts.ListResource"/>
  <system-out/>
</testsuite> <!-- com.tyss.reqres.testscripts.ListResource -->
