<?xml version="1.0" encoding="UTF-8"?>
<!-- Generated by org.testng.reporters.JUnitReportReporter -->
<testsuite hostname="LAPTOP-RAB3K5J6" failures="0" tests="1" name="com.spotify.player.TYSS_Player_GPS_002" time="2.726" errors="0" timestamp="2023-01-17T10:28:23 IST" skipped="0">
  <testcase classname="com.spotify.player.TYSS_Player_GPS_002" name="TC_TYSS_Player_GPS_002" time="2.726"/>
  <system-out/>
</testsuite> <!-- com.spotify.player.TYSS_Player_GPS_002 -->
