<?xml version="1.0" encoding="UTF-8"?>
<!-- Generated by org.testng.reporters.JUnitReportReporter -->
<testsuite skipped="0" hostname="TYSS-Abhishek" name="com.spotify.user.FollowPlaylist" tests="1" failures="0" timestamp="2023-01-08T19:53:47 IST" time="3.171" errors="0">
  <testcase name="changePlaylistDetails" time="3.171" classname="com.spotify.user.FollowPlaylist"/>
  <system-out/>
</testsuite> <!-- com.spotify.user.FollowPlaylist -->
