<?xml version="1.0" encoding="UTF-8"?>
<!-- Generated by org.testng.reporters.JUnitReportReporter -->
<testsuite skipped="0" hostname="user" name="com.trello.android.testscripts.RainWaterHarvesting" tests="1" failures="0" timestamp="2022-06-16T08:08:14 IST" time="94.081" errors="0">
  <testcase name="TC_TYSS_TBD_001" time="94.081" classname="com.trello.android.testscripts.RainWaterHarvesting"/>
  <system-out/>
</testsuite> <!-- com.trello.android.testscripts.RainWaterHarvesting -->
