<?xml version="1.0" encoding="UTF-8"?>
<!-- Generated by org.testng.reporters.JUnitReportReporter -->
<testsuite skipped="0" hostname="TYSS-Abhishek" name="com.spotify.artists.GetArtistsTopTracks" tests="1" failures="0" timestamp="2023-01-07T18:44:00 IST" time="1.573" errors="0">
  <testcase name="getArtistsTopTracks" time="1.573" classname="com.spotify.artists.GetArtistsTopTracks"/>
  <system-out/>
</testsuite> <!-- com.spotify.artists.GetArtistsTopTracks -->
