<?xml version="1.0" encoding="UTF-8"?>
<!-- Generated by org.testng.reporters.JUnitReportReporter -->
<testsuite skipped="0" hostname="TYSS-Manjappa" name="com.tyss.reqres.testscripts.SingleusernotFound" tests="1" failures="0" timestamp="2022-12-27T15:28:35 IST" time="4.439" errors="0">
  <testcase name="getusers" time="4.439" classname="com.tyss.reqres.testscripts.SingleusernotFound"/>
  <system-out/>
</testsuite> <!-- com.tyss.reqres.testscripts.SingleusernotFound -->
