<?xml version="1.0" encoding="UTF-8"?>
<!-- Generated by org.testng.reporters.JUnitReportReporter -->
<testsuite skipped="0" hostname="TYSS-Abhishek" name="com.spotify.episodes.SaveEpisodeForUser" tests="1" failures="0" timestamp="2023-01-07T20:06:39 IST" time="2.960" errors="0">
  <testcase name="saveEpisodeForUser" time="2.960" classname="com.spotify.episodes.SaveEpisodeForUser"/>
  <system-out/>
</testsuite> <!-- com.spotify.episodes.SaveEpisodeForUser -->
