<?xml version="1.0" encoding="UTF-8"?>
<!-- Generated by org.testng.reporters.JUnitReportReporter -->
<testsuite skipped="0" hostname="TYSS-Abhishek" name="com.trello.boards.testscripts.GetActionofBoard" tests="1" failures="0" timestamp="2022-12-29T20:29:31 IST" time="5.180" errors="0">
  <testcase name="board" time="5.180" classname="com.trello.boards.testscripts.GetActionofBoard"/>
  <system-out/>
</testsuite> <!-- com.trello.boards.testscripts.GetActionofBoard -->
