<?xml version="1.0" encoding="UTF-8"?>
<!-- Generated by org.testng.reporters.JUnitReportReporter -->
<testsuite skipped="0" hostname="TYSS-Abhishek" name="com.spotify.artists.GetArtistsAlbums" tests="1" failures="0" timestamp="2023-01-07T18:40:43 IST" time="2.056" errors="0">
  <testcase name="getArtist" time="2.056" classname="com.spotify.artists.GetArtistsAlbums"/>
  <system-out/>
</testsuite> <!-- com.spotify.artists.GetArtistsAlbums -->
