<?xml version="1.0" encoding="UTF-8"?>
<!-- Generated by org.testng.reporters.JUnitReportReporter -->
<testsuite hostname="TYSS-Abhishek" failures="0" tests="1" name="com.tyss.spotify.episodes.TYSS_Episodes_CUSE_002" time="6.160" errors="0" timestamp="2023-01-25T11:24:55 IST" skipped="0">
  <testcase classname="com.tyss.spotify.episodes.TYSS_Episodes_CUSE_002" name="TC_TYSS_Episodes_GE_002" time="6.160"/>
  <system-out/>
</testsuite> <!-- com.tyss.spotify.episodes.TYSS_Episodes_CUSE_002 -->
