<?xml version="1.0" encoding="UTF-8"?>
<!-- Generated by org.testng.reporters.JUnitReportReporter -->
<testsuite hostname="LAPTOP-RAB3K5J6" failures="0" tests="1" name="com.spotify.player.TYSS_Player_GAD_001" time="3.036" errors="0" timestamp="2023-01-17T10:28:02 IST" skipped="0">
  <testcase classname="com.spotify.player.TYSS_Player_GAD_001" name="TC_TYSS_Player_GAD_001" time="3.036"/>
  <system-out/>
</testsuite> <!-- com.spotify.player.TYSS_Player_GAD_001 -->
