<?xml version="1.0" encoding="UTF-8"?>
<!-- Generated by org.testng.reporters.JUnitReportReporter -->
<testsuite skipped="0" hostname="TYSS-Abhishek" name="com.trello.boards.testscripts.CreatLabelOnBoard" tests="1" failures="0" timestamp="2022-12-29T20:43:38 IST" time="5.899" errors="0">
  <testcase name="card" time="5.899" classname="com.trello.boards.testscripts.CreatLabelOnBoard"/>
  <system-out/>
</testsuite> <!-- com.trello.boards.testscripts.CreatLabelOnBoard -->
