<?xml version="1.0" encoding="UTF-8"?>
<!-- Generated by org.testng.reporters.JUnitReportReporter -->
<testsuite hostname="DESKTOP-7UUT0JG" failures="0" tests="1" name="com.spotify.playlist.TYSS_TC_Playlists_UPI_004" time="4.116" errors="0" timestamp="2023-01-25T11:02:10 IST" skipped="0">
  <testcase classname="com.spotify.playlist.TYSS_TC_Playlists_UPI_004" name="TC_Playlists_UPI_004" time="4.116"/>
  <system-out/>
</testsuite> <!-- com.spotify.playlist.TYSS_TC_Playlists_UPI_004 -->
