<?xml version="1.0" encoding="UTF-8"?>
<!-- Generated by org.testng.reporters.JUnitReportReporter -->
<testsuite hostname="TYSS-Abhishek" failures="0" tests="1" name="com.spotify.shows.TYSS_Shows_GS_003" time="1.091" errors="0" timestamp="2023-01-16T19:18:11 IST" skipped="0">
  <testcase classname="com.spotify.shows.TYSS_Shows_GS_003" name="TC_TYSS_Shows_GS_003" time="1.091"/>
  <system-out/>
</testsuite> <!-- com.spotify.shows.TYSS_Shows_GS_003 -->
