<?xml version="1.0" encoding="UTF-8"?>
<!-- Generated by org.testng.reporters.JUnitReportReporter -->
<testsuite skipped="0" hostname="TYSS-Abhishek" name="com.spotify.categories.GetSingleCategory" tests="1" failures="0" timestamp="2023-01-07T21:47:25 IST" time="2.780" errors="0">
  <testcase name="searchForItem" time="2.780" classname="com.spotify.categories.GetSingleCategory"/>
  <system-out/>
</testsuite> <!-- com.spotify.categories.GetSingleCategory -->
