<?xml version="1.0" encoding="UTF-8"?>
<!-- Generated by org.testng.reporters.JUnitReportReporter -->
<testsuite skipped="0" hostname="DESKTOP-7UUT0JG" name="com.spotify.artists.TYSS_TC_Artists_GA_004" tests="1" failures="0" timestamp="2023-01-16T17:42:21 IST" time="5.509" errors="0">
  <testcase name="TC_Artists_GA_004" time="5.509" classname="com.spotify.artists.TYSS_TC_Artists_GA_004"/>
  <system-out/>
</testsuite> <!-- com.spotify.artists.TYSS_TC_Artists_GA_004 -->
