<?xml version="1.0" encoding="UTF-8"?>
<!-- Generated by org.testng.reporters.JUnitReportReporter -->
<testsuite skipped="0" hostname="TYSS-Abhishek" name="com.spotify.albums.GetSevaralAlbums" tests="1" failures="0" timestamp="2023-01-07T16:33:33 IST" time="1.596" errors="0">
  <testcase name="getAlbums" time="1.596" classname="com.spotify.albums.GetSevaralAlbums"/>
  <system-out/>
</testsuite> <!-- com.spotify.albums.GetSevaralAlbums -->
