<?xml version="1.0" encoding="UTF-8"?>
<!-- Generated by org.testng.reporters.JUnitReportReporter -->
<testsuite skipped="0" hostname="TYSS-Abhishek" name="com.spotify.episodes.RemoveUserSavedEpisodes" tests="1" failures="0" timestamp="2023-01-07T20:07:46 IST" time="2.897" errors="0">
  <testcase name="removeUserSavedEpisodes" time="2.897" classname="com.spotify.episodes.RemoveUserSavedEpisodes"/>
  <system-out/>
</testsuite> <!-- com.spotify.episodes.RemoveUserSavedEpisodes -->
