<?xml version="1.0" encoding="UTF-8"?>
<!-- Generated by org.testng.reporters.JUnitReportReporter -->
<testsuite skipped="0" hostname="TYSS-Abhishek" name="com.spotify.albums.RemoveUsersSavedAlbums" tests="1" failures="0" timestamp="2023-01-07T16:53:25 IST" time="1.724" errors="0">
  <testcase name="getAlbums" time="1.724" classname="com.spotify.albums.RemoveUsersSavedAlbums"/>
  <system-out/>
</testsuite> <!-- com.spotify.albums.RemoveUsersSavedAlbums -->
