<?xml version="1.0" encoding="UTF-8"?>
<!-- Generated by org.testng.reporters.JUnitReportReporter -->
<testsuite hostname="LAPTOP-RAB3K5J6" failures="0" tests="1" name="com.spotify.categories.TYSS_Categories_GSEBC_001" time="3.273" errors="0" timestamp="2023-01-17T10:26:14 IST" skipped="0">
  <testcase classname="com.spotify.categories.TYSS_Categories_GSEBC_001" name="TC_TYSS_Categories_GSEBC_001" time="3.273"/>
  <system-out/>
</testsuite> <!-- com.spotify.categories.TYSS_Categories_GSEBC_001 -->
