<?xml version="1.0" encoding="UTF-8"?>
<!-- Generated by org.testng.reporters.JUnitReportReporter -->
<testsuite skipped="0" hostname="TYSS-Abhishek" name="com.spotify.playlist.GetCurrentUserPlaylist" tests="1" failures="0" timestamp="2023-01-08T18:06:26 IST" time="2.942" errors="0">
  <testcase name="getPlaylist" time="2.942" classname="com.spotify.playlist.GetCurrentUserPlaylist"/>
  <system-out/>
</testsuite> <!-- com.spotify.playlist.GetCurrentUserPlaylist -->
