<?xml version="1.0" encoding="UTF-8"?>
<!-- Generated by org.testng.reporters.JUnitReportReporter -->
<testsuite hostname="TYSS-Bredlin" failures="0" tests="1" name="com.spotify.shows.TYSS_Shows_GSS_001" time="2.993" errors="0" timestamp="2023-01-17T10:41:51 IST" skipped="0">
  <testcase classname="com.spotify.shows.TYSS_Shows_GSS_001" name="TC_TYSS_Shows_GSS_001" time="2.993"/>
  <system-out/>
</testsuite> <!-- com.spotify.shows.TYSS_Shows_GSS_001 -->
