<?xml version="1.0" encoding="UTF-8"?>
<!-- Generated by org.testng.reporters.JUnitReportReporter -->
<testsuite skipped="0" hostname="TYSS-Abhishek" name="com.spotify.episodes.EndToEndScript" tests="1" failures="0" timestamp="2023-01-07T20:14:11 IST" time="4.699" errors="0">
  <testcase name="saveEpisodeForUser" time="4.699" classname="com.spotify.episodes.EndToEndScript"/>
  <system-out/>
</testsuite> <!-- com.spotify.episodes.EndToEndScript -->
