<?xml version="1.0" encoding="UTF-8"?>
<!-- Generated by org.testng.reporters.JUnitReportReporter -->
<testsuite hostname="TYSS-Abhishek" failures="0" tests="1" name="com.spotify.albums.Albums_GAS_006" time="2.848" errors="0" timestamp="2023-01-13T12:24:12 IST" skipped="0">
  <testcase classname="com.spotify.albums.Albums_GAS_006" name="TC_Albums_GAS_006" time="2.848"/>
  <system-out/>
</testsuite> <!-- com.spotify.albums.Albums_GAS_006 -->
