<?xml version="1.0" encoding="UTF-8"?>
<!-- Generated by org.testng.reporters.JUnitReportReporter -->
<testsuite skipped="0" hostname="user" name="com.trello.android.testscripts.Experts" tests="1" failures="0" timestamp="2022-06-10T15:06:28 IST" time="39.973" errors="0">
  <testcase name="TC_TYSS_TBD_001" time="39.973" classname="com.trello.android.testscripts.Experts"/>
  <system-out/>
</testsuite> <!-- com.trello.android.testscripts.Experts -->
