<?xml version="1.0" encoding="UTF-8"?>
<!-- Generated by org.testng.reporters.JUnitReportReporter -->
<testsuite skipped="0" hostname="TYSS-Abhishek" name="com.trello.labels.GetALabel" tests="1" failures="0" timestamp="2023-01-01T20:21:50 IST" time="3.903" errors="0">
  <testcase name="getALabel" time="3.903" classname="com.trello.labels.GetALabel"/>
  <system-out/>
</testsuite> <!-- com.trello.labels.GetALabel -->
