<?xml version="1.0" encoding="UTF-8"?>
<!-- Generated by org.testng.reporters.JUnitReportReporter -->
<testsuite skipped="0" hostname="TYSS-Manjappa" name="com.tyss.reqres.testscripts.Singleuser" tests="1" failures="0" timestamp="2022-12-27T17:33:50 IST" time="1.834" errors="0">
  <testcase name="getusers" time="1.834" classname="com.tyss.reqres.testscripts.Singleuser"/>
  <system-out/>
</testsuite> <!-- com.tyss.reqres.testscripts.Singleuser -->
