<?xml version="1.0" encoding="UTF-8"?>
<!-- Generated by org.testng.reporters.JUnitReportReporter -->
<testsuite skipped="0" hostname="TYSS-Abhishek" name="com.spotify.playlist.CreatePlaylist" tests="1" failures="0" timestamp="2023-01-08T18:22:29 IST" time="2.242" errors="0">
  <testcase name="createPlaylist" time="2.242" classname="com.spotify.playlist.CreatePlaylist"/>
  <system-out/>
</testsuite> <!-- com.spotify.playlist.CreatePlaylist -->
