<?xml version="1.0" encoding="UTF-8"?>
<!-- Generated by org.testng.reporters.JUnitReportReporter -->
<testsuite hostname="TYSS-Abhishek" failures="0" tests="1" name="com.spotify.authorization.ReneweToken" time="5.856" errors="0" timestamp="2023-01-10T21:30:49 IST" skipped="0">
  <testcase classname="com.spotify.authorization.ReneweToken" name="getToken" time="5.856"/>
  <system-out/>
</testsuite> <!-- com.spotify.authorization.ReneweToken -->
