<?xml version="1.0" encoding="UTF-8"?>
<!-- Generated by org.testng.reporters.JUnitReportReporter -->
<testsuite skipped="0" hostname="TYSS-Abhishek" name="com.spotify.tracks.GetUserSavedTracks" tests="1" failures="0" timestamp="2023-01-07T20:32:45 IST" time="2.972" errors="0">
  <testcase name="getUserSavedTracks" time="2.972" classname="com.spotify.tracks.GetUserSavedTracks"/>
  <system-out/>
</testsuite> <!-- com.spotify.tracks.GetUserSavedTracks -->
