<?xml version="1.0" encoding="UTF-8"?>
<!-- Generated by org.testng.reporters.JUnitReportReporter -->
<testsuite skipped="0" hostname="TYSS-Abhishek" name="com.spotify.playlist.GetUsersPlaylist" tests="1" failures="0" timestamp="2023-01-08T18:17:04 IST" time="2.976" errors="0">
  <testcase name="getUsersPlaylist" time="2.976" classname="com.spotify.playlist.GetUsersPlaylist"/>
  <system-out/>
</testsuite> <!-- com.spotify.playlist.GetUsersPlaylist -->
