<?xml version="1.0" encoding="UTF-8"?>
<!-- Generated by org.testng.reporters.JUnitReportReporter -->
<testsuite skipped="0" hostname="TYSS-Abhishek" name="com.spotify.shows.GetSeveralShows" tests="1" failures="0" timestamp="2023-01-07T19:27:03 IST" time="3.040" errors="0">
  <testcase name="getAlbum" time="3.040" classname="com.spotify.shows.GetSeveralShows"/>
  <system-out/>
</testsuite> <!-- com.spotify.shows.GetSeveralShows -->
