<?xml version="1.0" encoding="UTF-8"?>
<!-- Generated by org.testng.reporters.JUnitReportReporter -->
<testsuite skipped="0" hostname="DESKTOP-7UUT0JG" name="com.spotify.artists.TYSS_TC_Artists_GA_005" tests="1" failures="0" timestamp="2023-01-16T15:11:39 IST" time="4.590" errors="0">
  <testcase name="TC_Artists_GA_005" time="4.590" classname="com.spotify.artists.TYSS_TC_Artists_GA_005"/>
  <system-out/>
</testsuite> <!-- com.spotify.artists.TYSS_TC_Artists_GA_005 -->
